<?xml version="1.0" encoding="UTF-8"?>
<!-- Generated by org.testng.reporters.JUnitXMLReporter -->
<testsuite ignored="1" hostname="DESKTOP-EFV0BSI" failures="0" tests="1" name="Default test" time="12.47" errors="0" timestamp="2024-03-09T13:07:05 EST">
  <testcase classname="naveenautomation.tests.ProductId43PageTest" name="verifyAddtoWishList" time="5.706"/>
  <testcase classname="naveenautomation.tests.ProductId43PageTest" name="verifyAddtoCart" time="0.0">
    <ignored/>
  </testcase> <!-- verifyAddtoCart -->
</testsuite> <!-- Default test -->
