<?xml version="1.0" encoding="UTF-8"?>
<!-- Generated by org.testng.reporters.JUnitXMLReporter -->
<testsuite ignored="0" hostname="DESKTOP-EFV0BSI" failures="0" tests="32" name="Test" time="2.726" errors="0" timestamp="2024-03-19T15:45:59 EDT">
  <testcase classname="naveenautomation.tests.AddressBookPageTest" name="@BeforeMethod launchBrowser" time="0.001">
    <failure type="java.lang.NullPointerException" message="Cannot invoke &amp;quot;String.toUpperCase()&amp;quot; because &amp;quot;browserName&amp;quot; is null">
      <![CDATA[java.lang.NullPointerException: Cannot invoke "String.toUpperCase()" because "browserName" is null
at com.naveenautomation.TestBases.TestBase.setBrowserForTesting(TestBase.java:52)
at com.naveenautomation.TestBases.TestBase.initialization(TestBase.java:37)
at naveenautomation.tests.AddressBookPageTest.launchBrowser(AddressBookPageTest.java:25)
at java.base/java.util.ArrayList.forEach(ArrayList.java:1511)
... Removed 31 stack frames]]>
    </failure>
  </testcase> <!-- @BeforeMethod launchBrowser -->
  <testcase classname="naveenautomation.tests.AddressBookPageTest" name="@AfterMethod closeBrowser" time="-1.710877557429E9">
    <skipped/>
  </testcase> <!-- @AfterMethod closeBrowser -->
  <testcase classname="naveenautomation.tests.MyAccountPageTest" name="@BeforeMethod launchBrowser" time="0.0">
    <failure type="java.lang.NullPointerException" message="Cannot invoke &amp;quot;String.toUpperCase()&amp;quot; because &amp;quot;browserName&amp;quot; is null">
      <![CDATA[java.lang.NullPointerException: Cannot invoke "String.toUpperCase()" because "browserName" is null
at com.naveenautomation.TestBases.TestBase.setBrowserForTesting(TestBase.java:52)
at com.naveenautomation.TestBases.TestBase.initialization(TestBase.java:37)
at naveenautomation.tests.MyAccountPageTest.launchBrowser(MyAccountPageTest.java:32)
at java.base/java.util.ArrayList.forEach(ArrayList.java:1511)
... Removed 31 stack frames]]>
    </failure>
  </testcase> <!-- @BeforeMethod launchBrowser -->
  <testcase classname="naveenautomation.tests.MyAccountPageTest" name="@AfterMethod closeBrowser" time="-1.710877557485E9">
    <skipped/>
  </testcase> <!-- @AfterMethod closeBrowser -->
  <testcase classname="naveenautomation.tests.MyAccountPageTest" name="@BeforeMethod launchBrowser" time="-1.710877557493E9">
    <skipped/>
  </testcase> <!-- @BeforeMethod launchBrowser -->
  <testcase classname="naveenautomation.tests.MyAccountPageTest" name="@AfterMethod closeBrowser" time="-1.710877557536E9">
    <skipped/>
  </testcase> <!-- @AfterMethod closeBrowser -->
  <testcase classname="naveenautomation.tests.MyAccountPageTest" name="@BeforeMethod launchBrowser" time="-1.710877558818E9">
    <skipped/>
  </testcase> <!-- @BeforeMethod launchBrowser -->
  <testcase classname="naveenautomation.tests.MyAccountPageTest" name="@AfterMethod closeBrowser" time="-1.710877558843E9">
    <skipped/>
  </testcase> <!-- @AfterMethod closeBrowser -->
  <testcase classname="naveenautomation.tests.MyAccountPageTest" name="@BeforeMethod launchBrowser" time="-1.710877558846E9">
    <skipped/>
  </testcase> <!-- @BeforeMethod launchBrowser -->
  <testcase classname="naveenautomation.tests.MyAccountPageTest" name="@AfterMethod closeBrowser" time="-1.71087755888E9">
    <skipped/>
  </testcase> <!-- @AfterMethod closeBrowser -->
  <testcase classname="naveenautomation.tests.MyAccountPageTest" name="@BeforeMethod launchBrowser" time="-1.710877558884E9">
    <skipped/>
  </testcase> <!-- @BeforeMethod launchBrowser -->
  <testcase classname="naveenautomation.tests.MyAccountPageTest" name="@AfterMethod closeBrowser" time="-1.710877558908E9">
    <skipped/>
  </testcase> <!-- @AfterMethod closeBrowser -->
  <testcase classname="naveenautomation.tests.MyAccountPageTest" name="@BeforeMethod launchBrowser" time="-1.710877558912E9">
    <skipped/>
  </testcase> <!-- @BeforeMethod launchBrowser -->
  <testcase classname="naveenautomation.tests.MyAccountPageTest" name="@AfterMethod closeBrowser" time="-1.710877558932E9">
    <skipped/>
  </testcase> <!-- @AfterMethod closeBrowser -->
  <testcase classname="naveenautomation.tests.MyAccountPageTest" name="@BeforeMethod launchBrowser" time="-1.710877558937E9">
    <skipped/>
  </testcase> <!-- @BeforeMethod launchBrowser -->
  <testcase classname="naveenautomation.tests.MyAccountPageTest" name="@AfterMethod closeBrowser" time="-1.710877558968E9">
    <skipped/>
  </testcase> <!-- @AfterMethod closeBrowser -->
  <testcase classname="naveenautomation.tests.MyAccountPageTest" name="@BeforeMethod launchBrowser" time="-1.71087755897E9">
    <skipped/>
  </testcase> <!-- @BeforeMethod launchBrowser -->
  <testcase classname="naveenautomation.tests.MyAccountPageTest" name="@AfterMethod closeBrowser" time="-1.710877558982E9">
    <skipped/>
  </testcase> <!-- @AfterMethod closeBrowser -->
  <testcase classname="naveenautomation.tests.AccountLoginPageTest" name="@BeforeMethod launchBrowser" time="0.0">
    <failure type="java.lang.NullPointerException" message="Cannot invoke &amp;quot;String.toUpperCase()&amp;quot; because &amp;quot;browserName&amp;quot; is null">
      <![CDATA[java.lang.NullPointerException: Cannot invoke "String.toUpperCase()" because "browserName" is null
at com.naveenautomation.TestBases.TestBase.setBrowserForTesting(TestBase.java:52)
at com.naveenautomation.TestBases.TestBase.initialization(TestBase.java:37)
at naveenautomation.tests.AccountLoginPageTest.launchBrowser(AccountLoginPageTest.java:16)
at java.base/java.util.ArrayList.forEach(ArrayList.java:1511)
... Removed 31 stack frames]]>
    </failure>
  </testcase> <!-- @BeforeMethod launchBrowser -->
  <testcase classname="naveenautomation.tests.AccountLoginPageTest" name="@AfterMethod closeBrowser" time="-1.710877558997E9">
    <skipped/>
  </testcase> <!-- @AfterMethod closeBrowser -->
  <testcase classname="naveenautomation.tests.HomePageTest" name="@BeforeMethod launchBrowser" time="0.0">
    <failure type="java.lang.NullPointerException" message="Cannot invoke &amp;quot;String.toUpperCase()&amp;quot; because &amp;quot;browserName&amp;quot; is null">
      <![CDATA[java.lang.NullPointerException: Cannot invoke "String.toUpperCase()" because "browserName" is null
at com.naveenautomation.TestBases.TestBase.setBrowserForTesting(TestBase.java:52)
at com.naveenautomation.TestBases.TestBase.initialization(TestBase.java:37)
at naveenautomation.tests.HomePageTest.launchBrowser(HomePageTest.java:22)
at java.base/java.util.ArrayList.forEach(ArrayList.java:1511)
... Removed 31 stack frames]]>
    </failure>
  </testcase> <!-- @BeforeMethod launchBrowser -->
  <testcase classname="naveenautomation.tests.HomePageTest" name="@AfterMethod closeBrowser" time="-1.710877559025E9">
    <skipped/>
  </testcase> <!-- @AfterMethod closeBrowser -->
  <testcase classname="naveenautomation.tests.HomePageTest" name="@BeforeMethod launchBrowser" time="-1.710877559027E9">
    <skipped/>
  </testcase> <!-- @BeforeMethod launchBrowser -->
  <testcase classname="naveenautomation.tests.HomePageTest" name="@AfterMethod closeBrowser" time="-1.71087755906E9">
    <skipped/>
  </testcase> <!-- @AfterMethod closeBrowser -->
  <testcase classname="naveenautomation.tests.AboutUsPageTest" name="@BeforeMethod launchBrowser" time="0.001">
    <failure type="java.lang.NullPointerException" message="Cannot invoke &amp;quot;String.toUpperCase()&amp;quot; because &amp;quot;browserName&amp;quot; is null">
      <![CDATA[java.lang.NullPointerException: Cannot invoke "String.toUpperCase()" because "browserName" is null
at com.naveenautomation.TestBases.TestBase.setBrowserForTesting(TestBase.java:52)
at com.naveenautomation.TestBases.TestBase.initialization(TestBase.java:37)
at naveenautomation.tests.AboutUsPageTest.launchBrowser(AboutUsPageTest.java:19)
at java.base/java.util.ArrayList.forEach(ArrayList.java:1511)
... Removed 31 stack frames]]>
    </failure>
  </testcase> <!-- @BeforeMethod launchBrowser -->
  <testcase classname="naveenautomation.tests.AboutUsPageTest" name="@AfterMethod closeBrowser" time="-1.710877559128E9">
    <skipped/>
  </testcase> <!-- @AfterMethod closeBrowser -->
  <testcase classname="naveenautomation.tests.DeliveryInformationPageTest" name="@BeforeMethod launchBrowser" time="0.001">
    <failure type="java.lang.NullPointerException" message="Cannot invoke &amp;quot;String.toUpperCase()&amp;quot; because &amp;quot;browserName&amp;quot; is null">
      <![CDATA[java.lang.NullPointerException: Cannot invoke "String.toUpperCase()" because "browserName" is null
at com.naveenautomation.TestBases.TestBase.setBrowserForTesting(TestBase.java:52)
at com.naveenautomation.TestBases.TestBase.initialization(TestBase.java:37)
at naveenautomation.tests.DeliveryInformationPageTest.launchBrowser(DeliveryInformationPageTest.java:18)
at java.base/java.util.ArrayList.forEach(ArrayList.java:1511)
... Removed 31 stack frames]]>
    </failure>
  </testcase> <!-- @BeforeMethod launchBrowser -->
  <testcase classname="naveenautomation.tests.DeliveryInformationPageTest" name="@AfterMethod closeBrowser" time="-1.710877559142E9">
    <skipped/>
  </testcase> <!-- @AfterMethod closeBrowser -->
  <testcase classname="naveenautomation.tests.PrivacyPolicyPageTest" name="@BeforeMethod launchBrowser" time="0.001">
    <failure type="java.lang.NullPointerException" message="Cannot invoke &amp;quot;String.toUpperCase()&amp;quot; because &amp;quot;browserName&amp;quot; is null">
      <![CDATA[java.lang.NullPointerException: Cannot invoke "String.toUpperCase()" because "browserName" is null
at com.naveenautomation.TestBases.TestBase.setBrowserForTesting(TestBase.java:52)
at com.naveenautomation.TestBases.TestBase.initialization(TestBase.java:37)
at naveenautomation.tests.PrivacyPolicyPageTest.launchBrowser(PrivacyPolicyPageTest.java:19)
at java.base/java.util.ArrayList.forEach(ArrayList.java:1511)
... Removed 31 stack frames]]>
    </failure>
  </testcase> <!-- @BeforeMethod launchBrowser -->
  <testcase classname="naveenautomation.tests.PrivacyPolicyPageTest" name="@AfterMethod closeBrowser" time="-1.710877559165E9">
    <skipped/>
  </testcase> <!-- @AfterMethod closeBrowser -->
  <testcase classname="naveenautomation.tests.TermsAndConditionsPageTest" name="@BeforeMethod launchBrowser" time="0.023">
    <failure type="java.lang.NullPointerException" message="Cannot invoke &amp;quot;String.toUpperCase()&amp;quot; because &amp;quot;browserName&amp;quot; is null">
      <![CDATA[java.lang.NullPointerException: Cannot invoke "String.toUpperCase()" because "browserName" is null
at com.naveenautomation.TestBases.TestBase.setBrowserForTesting(TestBase.java:52)
at com.naveenautomation.TestBases.TestBase.initialization(TestBase.java:37)
at naveenautomation.tests.TermsAndConditionsPageTest.launchBrowser(TermsAndConditionsPageTest.java:18)
at java.base/java.util.ArrayList.forEach(ArrayList.java:1511)
... Removed 31 stack frames]]>
    </failure>
  </testcase> <!-- @BeforeMethod launchBrowser -->
  <testcase classname="naveenautomation.tests.TermsAndConditionsPageTest" name="@AfterMethod closeBrowser" time="-1.710877559222E9">
    <skipped/>
  </testcase> <!-- @AfterMethod closeBrowser -->
  <testcase classname="naveenautomation.tests.ContactUsPageTest" name="@BeforeMethod launchBrowser" time="0.0">
    <failure type="java.lang.NullPointerException" message="Cannot invoke &amp;quot;String.toUpperCase()&amp;quot; because &amp;quot;browserName&amp;quot; is null">
      <![CDATA[java.lang.NullPointerException: Cannot invoke "String.toUpperCase()" because "browserName" is null
at com.naveenautomation.TestBases.TestBase.setBrowserForTesting(TestBase.java:52)
at com.naveenautomation.TestBases.TestBase.initialization(TestBase.java:37)
at naveenautomation.tests.ContactUsPageTest.launchBrowser(ContactUsPageTest.java:20)
at java.base/java.util.ArrayList.forEach(ArrayList.java:1511)
... Removed 31 stack frames]]>
    </failure>
  </testcase> <!-- @BeforeMethod launchBrowser -->
  <testcase classname="naveenautomation.tests.ContactUsPageTest" name="@AfterMethod closeBrowser" time="-1.710877559252E9">
    <skipped/>
  </testcase> <!-- @AfterMethod closeBrowser -->
  <testcase classname="naveenautomation.tests.SiteMapPageTest" name="@BeforeMethod launchBrowser" time="0.001">
    <failure type="java.lang.NullPointerException" message="Cannot invoke &amp;quot;String.toUpperCase()&amp;quot; because &amp;quot;browserName&amp;quot; is null">
      <![CDATA[java.lang.NullPointerException: Cannot invoke "String.toUpperCase()" because "browserName" is null
at com.naveenautomation.TestBases.TestBase.setBrowserForTesting(TestBase.java:52)
at com.naveenautomation.TestBases.TestBase.initialization(TestBase.java:37)
at naveenautomation.tests.SiteMapPageTest.launchBrowser(SiteMapPageTest.java:17)
at java.base/java.util.ArrayList.forEach(ArrayList.java:1511)
... Removed 31 stack frames]]>
    </failure>
  </testcase> <!-- @BeforeMethod launchBrowser -->
  <testcase classname="naveenautomation.tests.SiteMapPageTest" name="@AfterMethod closeBrowser" time="-1.710877559264E9">
    <skipped/>
  </testcase> <!-- @AfterMethod closeBrowser -->
  <testcase classname="naveenautomation.tests.BrandsPageTest" name="@BeforeMethod launchBrowser" time="0.001">
    <failure type="java.lang.NullPointerException" message="Cannot invoke &amp;quot;String.toUpperCase()&amp;quot; because &amp;quot;browserName&amp;quot; is null">
      <![CDATA[java.lang.NullPointerException: Cannot invoke "String.toUpperCase()" because "browserName" is null
at com.naveenautomation.TestBases.TestBase.setBrowserForTesting(TestBase.java:52)
at com.naveenautomation.TestBases.TestBase.initialization(TestBase.java:37)
at naveenautomation.tests.BrandsPageTest.launchBrowser(BrandsPageTest.java:18)
at java.base/java.util.ArrayList.forEach(ArrayList.java:1511)
... Removed 31 stack frames]]>
    </failure>
  </testcase> <!-- @BeforeMethod launchBrowser -->
  <testcase classname="naveenautomation.tests.BrandsPageTest" name="@AfterMethod closeBrowser" time="-1.710877559285E9">
    <skipped/>
  </testcase> <!-- @AfterMethod closeBrowser -->
  <testcase classname="naveenautomation.tests.SpecialsPageTest" name="@BeforeMethod launchBrowser" time="0.0">
    <failure type="java.lang.NullPointerException" message="Cannot invoke &amp;quot;String.toUpperCase()&amp;quot; because &amp;quot;browserName&amp;quot; is null">
      <![CDATA[java.lang.NullPointerException: Cannot invoke "String.toUpperCase()" because "browserName" is null
at com.naveenautomation.TestBases.TestBase.setBrowserForTesting(TestBase.java:52)
at com.naveenautomation.TestBases.TestBase.initialization(TestBase.java:37)
at naveenautomation.tests.SpecialsPageTest.launchBrowser(SpecialsPageTest.java:18)
at java.base/java.util.ArrayList.forEach(ArrayList.java:1511)
... Removed 31 stack frames]]>
    </failure>
  </testcase> <!-- @BeforeMethod launchBrowser -->
  <testcase classname="naveenautomation.tests.SpecialsPageTest" name="@AfterMethod closeBrowser" time="-1.710877559302E9">
    <skipped/>
  </testcase> <!-- @AfterMethod closeBrowser -->
  <testcase classname="naveenautomation.tests.WishListPageTest" name="@BeforeMethod launchBrowser" time="0.001">
    <failure type="java.lang.NullPointerException" message="Cannot invoke &amp;quot;String.toUpperCase()&amp;quot; because &amp;quot;browserName&amp;quot; is null">
      <![CDATA[java.lang.NullPointerException: Cannot invoke "String.toUpperCase()" because "browserName" is null
at com.naveenautomation.TestBases.TestBase.setBrowserForTesting(TestBase.java:52)
at com.naveenautomation.TestBases.TestBase.initialization(TestBase.java:37)
at naveenautomation.tests.WishListPageTest.launchBrowser(WishListPageTest.java:20)
at java.base/java.util.ArrayList.forEach(ArrayList.java:1511)
... Removed 31 stack frames]]>
    </failure>
  </testcase> <!-- @BeforeMethod launchBrowser -->
  <testcase classname="naveenautomation.tests.WishListPageTest" name="@AfterMethod closeBrowser" time="-1.710877559329E9">
    <skipped/>
  </testcase> <!-- @AfterMethod closeBrowser -->
  <testcase classname="naveenautomation.tests.OrderHistoryPageTest" name="@BeforeMethod launchBrowser" time="0.001">
    <failure type="java.lang.NullPointerException" message="Cannot invoke &amp;quot;String.toUpperCase()&amp;quot; because &amp;quot;browserName&amp;quot; is null">
      <![CDATA[java.lang.NullPointerException: Cannot invoke "String.toUpperCase()" because "browserName" is null
at com.naveenautomation.TestBases.TestBase.setBrowserForTesting(TestBase.java:52)
at com.naveenautomation.TestBases.TestBase.initialization(TestBase.java:37)
at naveenautomation.tests.OrderHistoryPageTest.launchBrowser(OrderHistoryPageTest.java:21)
at java.base/java.util.ArrayList.forEach(ArrayList.java:1511)
... Removed 31 stack frames]]>
    </failure>
  </testcase> <!-- @BeforeMethod launchBrowser -->
  <testcase classname="naveenautomation.tests.OrderHistoryPageTest" name="@AfterMethod closeBrowser" time="-1.71087755937E9">
    <skipped/>
  </testcase> <!-- @AfterMethod closeBrowser -->
  <testcase classname="naveenautomation.tests.DownloadPageTest" name="@BeforeMethod launchBrowser" time="0.0">
    <failure type="java.lang.NullPointerException" message="Cannot invoke &amp;quot;String.toUpperCase()&amp;quot; because &amp;quot;browserName&amp;quot; is null">
      <![CDATA[java.lang.NullPointerException: Cannot invoke "String.toUpperCase()" because "browserName" is null
at com.naveenautomation.TestBases.TestBase.setBrowserForTesting(TestBase.java:52)
at com.naveenautomation.TestBases.TestBase.initialization(TestBase.java:37)
at naveenautomation.tests.DownloadPageTest.launchBrowser(DownloadPageTest.java:21)
at java.base/java.util.ArrayList.forEach(ArrayList.java:1511)
... Removed 31 stack frames]]>
    </failure>
  </testcase> <!-- @BeforeMethod launchBrowser -->
  <testcase classname="naveenautomation.tests.DownloadPageTest" name="@AfterMethod closeBrowser" time="-1.710877559393E9">
    <skipped/>
  </testcase> <!-- @AfterMethod closeBrowser -->
  <testcase classname="naveenautomation.tests.RecurringPaymentsPageTest" name="@BeforeMethod launchBrowser" time="0.0">
    <failure type="java.lang.NullPointerException" message="Cannot invoke &amp;quot;String.toUpperCase()&amp;quot; because &amp;quot;browserName&amp;quot; is null">
      <![CDATA[java.lang.NullPointerException: Cannot invoke "String.toUpperCase()" because "browserName" is null
at com.naveenautomation.TestBases.TestBase.setBrowserForTesting(TestBase.java:52)
at com.naveenautomation.TestBases.TestBase.initialization(TestBase.java:37)
at naveenautomation.tests.RecurringPaymentsPageTest.launchBrowser(RecurringPaymentsPageTest.java:21)
at java.base/java.util.ArrayList.forEach(ArrayList.java:1511)
... Removed 31 stack frames]]>
    </failure>
  </testcase> <!-- @BeforeMethod launchBrowser -->
  <testcase classname="naveenautomation.tests.RecurringPaymentsPageTest" name="@AfterMethod closeBrowser" time="-1.710877559413E9">
    <skipped/>
  </testcase> <!-- @AfterMethod closeBrowser -->
  <testcase classname="naveenautomation.tests.RewardPointsPageTest" name="@BeforeMethod launchBrowser" time="0.0">
    <failure type="java.lang.NullPointerException" message="Cannot invoke &amp;quot;String.toUpperCase()&amp;quot; because &amp;quot;browserName&amp;quot; is null">
      <![CDATA[java.lang.NullPointerException: Cannot invoke "String.toUpperCase()" because "browserName" is null
at com.naveenautomation.TestBases.TestBase.setBrowserForTesting(TestBase.java:52)
at com.naveenautomation.TestBases.TestBase.initialization(TestBase.java:37)
at naveenautomation.tests.RewardPointsPageTest.launchBrowser(RewardPointsPageTest.java:21)
at java.base/java.util.ArrayList.forEach(ArrayList.java:1511)
... Removed 31 stack frames]]>
    </failure>
  </testcase> <!-- @BeforeMethod launchBrowser -->
  <testcase classname="naveenautomation.tests.RewardPointsPageTest" name="@AfterMethod closeBrowser" time="-1.710877559425E9">
    <skipped/>
  </testcase> <!-- @AfterMethod closeBrowser -->
  <testcase classname="naveenautomation.tests.AccountLogoutPageTest" name="@BeforeMethod launchBrowser" time="0.0">
    <failure type="java.lang.NullPointerException" message="Cannot invoke &amp;quot;String.toUpperCase()&amp;quot; because &amp;quot;browserName&amp;quot; is null">
      <![CDATA[java.lang.NullPointerException: Cannot invoke "String.toUpperCase()" because "browserName" is null
at com.naveenautomation.TestBases.TestBase.setBrowserForTesting(TestBase.java:52)
at com.naveenautomation.TestBases.TestBase.initialization(TestBase.java:37)
at naveenautomation.tests.AccountLogoutPageTest.launchBrowser(AccountLogoutPageTest.java:21)
at java.base/java.util.ArrayList.forEach(ArrayList.java:1511)
... Removed 31 stack frames]]>
    </failure>
  </testcase> <!-- @BeforeMethod launchBrowser -->
  <testcase classname="naveenautomation.tests.AccountLogoutPageTest" name="@AfterMethod closeBrowser" time="-1.710877559436E9">
    <skipped/>
  </testcase> <!-- @AfterMethod closeBrowser -->
  <testcase classname="naveenautomation.tests.ReturnPageTest" name="@BeforeMethod launchBrowser" time="0.001">
    <failure type="java.lang.NullPointerException" message="Cannot invoke &amp;quot;String.toUpperCase()&amp;quot; because &amp;quot;browserName&amp;quot; is null">
      <![CDATA[java.lang.NullPointerException: Cannot invoke "String.toUpperCase()" because "browserName" is null
at com.naveenautomation.TestBases.TestBase.setBrowserForTesting(TestBase.java:52)
at com.naveenautomation.TestBases.TestBase.initialization(TestBase.java:37)
at naveenautomation.tests.ReturnPageTest.launchBrowser(ReturnPageTest.java:21)
at java.base/java.util.ArrayList.forEach(ArrayList.java:1511)
... Removed 31 stack frames]]>
    </failure>
  </testcase> <!-- @BeforeMethod launchBrowser -->
  <testcase classname="naveenautomation.tests.ReturnPageTest" name="@AfterMethod closeBrowser" time="-1.71087755945E9">
    <skipped/>
  </testcase> <!-- @AfterMethod closeBrowser -->
  <testcase classname="naveenautomation.tests.ProductId43PageTest" name="@BeforeMethod launchBrowser" time="0.001">
    <failure type="java.lang.NullPointerException" message="Cannot invoke &amp;quot;String.toUpperCase()&amp;quot; because &amp;quot;browserName&amp;quot; is null">
      <![CDATA[java.lang.NullPointerException: Cannot invoke "String.toUpperCase()" because "browserName" is null
at com.naveenautomation.TestBases.TestBase.setBrowserForTesting(TestBase.java:52)
at com.naveenautomation.TestBases.TestBase.initialization(TestBase.java:37)
at naveenautomation.tests.ProductId43PageTest.launchBrowser(ProductId43PageTest.java:22)
at java.base/java.util.ArrayList.forEach(ArrayList.java:1511)
... Removed 31 stack frames]]>
    </failure>
  </testcase> <!-- @BeforeMethod launchBrowser -->
  <testcase classname="naveenautomation.tests.ProductId43PageTest" name="@AfterMethod closeBrowser" time="-1.710877559461E9">
    <skipped/>
  </testcase> <!-- @AfterMethod closeBrowser -->
  <testcase classname="naveenautomation.tests.ProductId43PageTest" name="@BeforeMethod launchBrowser" time="-1.710877559463E9">
    <skipped/>
  </testcase> <!-- @BeforeMethod launchBrowser -->
  <testcase classname="naveenautomation.tests.ProductId43PageTest" name="@AfterMethod closeBrowser" time="-1.710877559472E9">
    <skipped/>
  </testcase> <!-- @AfterMethod closeBrowser -->
  <testcase classname="naveenautomation.tests.CartPageTest" name="@BeforeMethod launchBrowser" time="0.002">
    <failure type="java.lang.NullPointerException" message="Cannot invoke &amp;quot;String.toUpperCase()&amp;quot; because &amp;quot;browserName&amp;quot; is null">
      <![CDATA[java.lang.NullPointerException: Cannot invoke "String.toUpperCase()" because "browserName" is null
at com.naveenautomation.TestBases.TestBase.setBrowserForTesting(TestBase.java:52)
at com.naveenautomation.TestBases.TestBase.initialization(TestBase.java:37)
at naveenautomation.tests.CartPageTest.launchBrowser(CartPageTest.java:22)
at java.base/java.util.ArrayList.forEach(ArrayList.java:1511)
... Removed 31 stack frames]]>
    </failure>
  </testcase> <!-- @BeforeMethod launchBrowser -->
  <testcase classname="naveenautomation.tests.CartPageTest" name="@AfterMethod closeBrowser" time="-1.710877559487E9">
    <skipped/>
  </testcase> <!-- @AfterMethod closeBrowser -->
  <testcase classname="naveenautomation.tests.AccountSuccessPageTest" name="@BeforeMethod launchBrowser" time="0.001">
    <failure type="java.lang.NullPointerException" message="Cannot invoke &amp;quot;String.toUpperCase()&amp;quot; because &amp;quot;browserName&amp;quot; is null">
      <![CDATA[java.lang.NullPointerException: Cannot invoke "String.toUpperCase()" because "browserName" is null
at com.naveenautomation.TestBases.TestBase.setBrowserForTesting(TestBase.java:52)
at com.naveenautomation.TestBases.TestBase.initialization(TestBase.java:37)
at naveenautomation.tests.AccountSuccessPageTest.launchBrowser(AccountSuccessPageTest.java:22)
at java.base/java.util.ArrayList.forEach(ArrayList.java:1511)
... Removed 31 stack frames]]>
    </failure>
  </testcase> <!-- @BeforeMethod launchBrowser -->
  <testcase classname="naveenautomation.tests.AccountSuccessPageTest" name="@AfterMethod closeBrowser" time="-1.710877559514E9">
    <skipped/>
  </testcase> <!-- @AfterMethod closeBrowser -->
  <testcase classname="naveenautomation.tests.CategoryAndPath24PageTest" name="@BeforeMethod launchBrowser" time="0.0">
    <failure type="java.lang.NullPointerException" message="Cannot invoke &amp;quot;String.toUpperCase()&amp;quot; because &amp;quot;browserName&amp;quot; is null">
      <![CDATA[java.lang.NullPointerException: Cannot invoke "String.toUpperCase()" because "browserName" is null
at com.naveenautomation.TestBases.TestBase.setBrowserForTesting(TestBase.java:52)
at com.naveenautomation.TestBases.TestBase.initialization(TestBase.java:37)
at naveenautomation.tests.CategoryAndPath24PageTest.launchBrowser(CategoryAndPath24PageTest.java:20)
at java.base/java.util.ArrayList.forEach(ArrayList.java:1511)
... Removed 31 stack frames]]>
    </failure>
  </testcase> <!-- @BeforeMethod launchBrowser -->
  <testcase classname="naveenautomation.tests.CategoryAndPath24PageTest" name="@AfterMethod closeBrowser" time="-1.710877559528E9">
    <skipped/>
  </testcase> <!-- @AfterMethod closeBrowser -->
  <testcase classname="naveenautomation.tests.AddressBookPageTest" name="validateUserCanAddNewAddress" time="0.0">
    <skipped/>
  </testcase> <!-- validateUserCanAddNewAddress -->
  <testcase classname="naveenautomation.tests.MyAccountPageTest" name="validateEditAccount" time="0.0">
    <skipped/>
  </testcase> <!-- validateEditAccount -->
  <testcase classname="naveenautomation.tests.MyAccountPageTest" name="validateLogin" time="0.0">
    <skipped/>
  </testcase> <!-- validateLogin -->
  <testcase classname="naveenautomation.tests.MyAccountPageTest" name="validateLoginFromDataProvider" time="0.0">
    <skipped/>
  </testcase> <!-- validateLoginFromDataProvider -->
  <testcase classname="naveenautomation.tests.MyAccountPageTest" name="validateLoginFromDataProvider" time="0.0">
    <skipped/>
  </testcase> <!-- validateLoginFromDataProvider -->
  <testcase classname="naveenautomation.tests.MyAccountPageTest" name="validateLoginFromDataProvider" time="0.0">
    <skipped/>
  </testcase> <!-- validateLoginFromDataProvider -->
  <testcase classname="naveenautomation.tests.MyAccountPageTest" name="validatePasswordUpdate" time="0.0">
    <skipped/>
  </testcase> <!-- validatePasswordUpdate -->
  <testcase classname="naveenautomation.tests.MyAccountPageTest" name="validateUserCanEditAffiliateInformation" time="0.0">
    <skipped/>
  </testcase> <!-- validateUserCanEditAffiliateInformation -->
  <testcase classname="naveenautomation.tests.MyAccountPageTest" name="validateUserCanSubscribeNewsLetter" time="0.0">
    <skipped/>
  </testcase> <!-- validateUserCanSubscribeNewsLetter -->
  <testcase classname="naveenautomation.tests.AccountLoginPageTest" name="validateInvalidDataLogin" time="0.0">
    <skipped/>
  </testcase> <!-- validateInvalidDataLogin -->
  <testcase classname="naveenautomation.tests.HomePageTest" name="verifyAddtoCartFromHome" time="0.0">
    <skipped/>
  </testcase> <!-- verifyAddtoCartFromHome -->
  <testcase classname="naveenautomation.tests.HomePageTest" name="verifyNaveenWebsiteLogo" time="0.0">
    <skipped/>
  </testcase> <!-- verifyNaveenWebsiteLogo -->
  <testcase classname="naveenautomation.tests.AboutUsPageTest" name="validateAboutUsPageNavigation" time="0.0">
    <skipped/>
  </testcase> <!-- validateAboutUsPageNavigation -->
  <testcase classname="naveenautomation.tests.DeliveryInformationPageTest" name="validateDeliveryInformationPageNavigation" time="0.0">
    <skipped/>
  </testcase> <!-- validateDeliveryInformationPageNavigation -->
  <testcase classname="naveenautomation.tests.PrivacyPolicyPageTest" name="validatePrivacyPolicyPageNavigation" time="0.0">
    <skipped/>
  </testcase> <!-- validatePrivacyPolicyPageNavigation -->
  <testcase classname="naveenautomation.tests.TermsAndConditionsPageTest" name="validateTermsAndConditionsPageNavigation" time="0.0">
    <skipped/>
  </testcase> <!-- validateTermsAndConditionsPageNavigation -->
  <testcase classname="naveenautomation.tests.ContactUsPageTest" name="validateContactUsForm" time="0.0">
    <skipped/>
  </testcase> <!-- validateContactUsForm -->
  <testcase classname="naveenautomation.tests.SiteMapPageTest" name="validateSiteMapPageNavigation" time="0.0">
    <skipped/>
  </testcase> <!-- validateSiteMapPageNavigation -->
  <testcase classname="naveenautomation.tests.BrandsPageTest" name="validateBrandsPageNavigation" time="0.0">
    <skipped/>
  </testcase> <!-- validateBrandsPageNavigation -->
  <testcase classname="naveenautomation.tests.SpecialsPageTest" name="validateSpecialsPageNavigation" time="0.0">
    <skipped/>
  </testcase> <!-- validateSpecialsPageNavigation -->
  <testcase classname="naveenautomation.tests.WishListPageTest" name="validateWishListPageNavigation" time="0.0">
    <skipped/>
  </testcase> <!-- validateWishListPageNavigation -->
  <testcase classname="naveenautomation.tests.OrderHistoryPageTest" name="validateOrderHistoryPageNavigation" time="0.0">
    <skipped/>
  </testcase> <!-- validateOrderHistoryPageNavigation -->
  <testcase classname="naveenautomation.tests.DownloadPageTest" name="validateDownloadsPageNavigation" time="0.0">
    <skipped/>
  </testcase> <!-- validateDownloadsPageNavigation -->
  <testcase classname="naveenautomation.tests.RecurringPaymentsPageTest" name="validateRecurringPaymentsPageNavigation" time="0.0">
    <skipped/>
  </testcase> <!-- validateRecurringPaymentsPageNavigation -->
  <testcase classname="naveenautomation.tests.RewardPointsPageTest" name="validateRecurringPaymentsPageNavigation" time="0.0">
    <skipped/>
  </testcase> <!-- validateRecurringPaymentsPageNavigation -->
  <testcase classname="naveenautomation.tests.AccountLogoutPageTest" name="validateAccountLogout" time="0.0">
    <skipped/>
  </testcase> <!-- validateAccountLogout -->
  <testcase classname="naveenautomation.tests.ReturnPageTest" name="validatereturnPageNavigation" time="0.0">
    <skipped/>
  </testcase> <!-- validatereturnPageNavigation -->
  <testcase classname="naveenautomation.tests.ProductId43PageTest" name="verifyAddtoCart" time="0.0">
    <skipped/>
  </testcase> <!-- verifyAddtoCart -->
  <testcase classname="naveenautomation.tests.ProductId43PageTest" name="verifyAddtoWishList" time="0.0">
    <skipped/>
  </testcase> <!-- verifyAddtoWishList -->
  <testcase classname="naveenautomation.tests.CartPageTest" name="verifyCartPageNavigation" time="0.0">
    <skipped/>
  </testcase> <!-- verifyCartPageNavigation -->
  <testcase classname="naveenautomation.tests.AccountSuccessPageTest" name="validateAccountRegister" time="0.0">
    <skipped/>
  </testcase> <!-- validateAccountRegister -->
  <testcase classname="naveenautomation.tests.CategoryAndPath24PageTest" name="validateProductSort" time="0.0">
    <skipped/>
  </testcase> <!-- validateProductSort -->
</testsuite> <!-- Test -->
