<?xml version="1.0" encoding="UTF-8"?>
<testsuite xmlns:xsi="http://www.w3.org/2001/XMLSchema-instance" xsi:noNamespaceSchemaLocation="https://maven.apache.org/surefire/maven-surefire-plugin/xsd/surefire-test-report.xsd" name="TestSuite" time="364.893" tests="34" errors="0" skipped="0" failures="16">
  <properties>
[...]
</properties>
  <testcase name="validateAboutUsPageNavigation" classname="naveenautomation.tests.AboutUsPageTest" time="1"/>
  <testcase name="validateAccountRegister" classname="naveenautomation.tests.AccountSuccessPageTest" time="4.116"/>
  <testcase name="validateRecurringPaymentsPageNavigation" classname="naveenautomation.tests.RecurringPaymentsPageTest" time="2.846">
    <failure message="no such element: Unable to locate element: {&quot;method&quot;:&quot;css selector&quot;,&quot;selector&quot;:&quot;#content h1&quot;}&#10;  (Session info: MicrosoftEdge=122.0.2365.92)&#10;For documentation on this error, please visit: https://www.seleniumhq.org/exceptions/no_such_element.html&#10;Build info: version: &apos;3.141.59&apos;, revision: &apos;e82be7d358&apos;, time: &apos;2018-11-14T08:17:03&apos;&#10;System info: host: &apos;DESKTOP-EFV0BSI&apos;, ip: &apos;192.168.2.29&apos;, os.name: &apos;Windows 10&apos;, os.arch: &apos;amd64&apos;, os.version: &apos;10.0&apos;, java.version: &apos;11.0.16&apos;&#10;Driver info: org.openqa.selenium.edge.EdgeDriver&#10;Capabilities {acceptInsecureCerts: false, browserName: MicrosoftEdge, browserVersion: 122.0.2365.92, fedcm:accounts: true, javascriptEnabled: true, ms:edgeOptions: {debuggerAddress: localhost:50152}, msedge: {msedgedriverVersion: 122.0.2365.92 (908657ec17be..., userDataDir: C:\Users\user\AppData\Local...}, networkConnectionEnabled: false, pageLoadStrategy: normal, platform: WINDOWS, platformName: WINDOWS, proxy: Proxy(), setWindowRect: true, strictFileInteractability: false, timeouts: {implicit: 0, pageLoad: 300000, script: 30000}, unhandledPromptBehavior: dismiss and notify, webauthn:extension:credBlob: true, webauthn:extension:largeBlob: true, webauthn:extension:minPinLength: true, webauthn:extension:prf: true, webauthn:virtualAuthenticators: true}&#10;Session ID: d5e95327caa5de84a17190bea00b252c&#10;*** Element info: {Using=css selector, value=#content h1}" type="org.openqa.selenium.NoSuchElementException">org.openqa.selenium.NoSuchElementException: 
no such element: Unable to locate element: {"method":"css selector","selector":"#content h1"}
  (Session info: MicrosoftEdge=122.0.2365.92)
For documentation on this error, please visit: https://www.seleniumhq.org/exceptions/no_such_element.html
Build info: version: '3.141.59', revision: 'e82be7d358', time: '2018-11-14T08:17:03'
System info: host: 'DESKTOP-EFV0BSI', ip: '192.168.2.29', os.name: 'Windows 10', os.arch: 'amd64', os.version: '10.0', java.version: '11.0.16'
Driver info: org.openqa.selenium.edge.EdgeDriver
Capabilities {acceptInsecureCerts: false, browserName: MicrosoftEdge, browserVersion: 122.0.2365.92, fedcm:accounts: true, javascriptEnabled: true, ms:edgeOptions: {debuggerAddress: localhost:50152}, msedge: {msedgedriverVersion: 122.0.2365.92 (908657ec17be..., userDataDir: C:\Users\user\AppData\Local...}, networkConnectionEnabled: false, pageLoadStrategy: normal, platform: WINDOWS, platformName: WINDOWS, proxy: Proxy(), setWindowRect: true, strictFileInteractability: false, timeouts: {implicit: 0, pageLoad: 300000, script: 30000}, unhandledPromptBehavior: dismiss and notify, webauthn:extension:credBlob: true, webauthn:extension:largeBlob: true, webauthn:extension:minPinLength: true, webauthn:extension:prf: true, webauthn:virtualAuthenticators: true}
Session ID: d5e95327caa5de84a17190bea00b252c
*** Element info: {Using=css selector, value=#content h1}
	at naveenautomation.tests.RecurringPaymentsPageTest.validateRecurringPaymentsPageNavigation(RecurringPaymentsPageTest.java:32)
</failure>
    <system-out><![CDATA[2024-03-17 14:56:22 INFO  TestBase:63 - Launching Edge Browser
17756 [main] INFO com.naveenautomation.TestBases.TestBase  - Launching Edge Browser
2024-03-17 14:56:25 INFO  TestBase:40 - Loading Page in Browser
21072 [main] INFO com.naveenautomation.TestBases.TestBase  - Loading Page in Browser
2024-03-17 14:56:25 INFO  TestBase:35 - Navigating to URL : https://naveenautomationlabs.com/opencart/index.php?route=account/login
21072 [main] INFO com.naveenautomation.TestBases.TestBase  - Navigating to URL : https://naveenautomationlabs.com/opencart/index.php?route=account/login
2024-03-17 14:56:28 INFO  TestBase:41 - Navigated to URL : https://naveenautomationlabs.com/opencart/index.php?route=account/login
23635 [main] INFO com.naveenautomation.TestBases.TestBase  - Navigated to URL : https://naveenautomationlabs.com/opencart/index.php?route=account/login
2024-03-17 14:56:28 INFO  TestBase:49 - Entering Emaillijosh4@gmail.com
23637 [main] INFO com.naveenautomation.TestBases.TestBase  - Entering Emaillijosh4@gmail.com
2024-03-17 14:56:28 INFO  TestBase:77 - Finding element by : By.id: input-email
23637 [main] INFO com.naveenautomation.TestBases.TestBase  - Finding element by : By.id: input-email
2024-03-17 14:56:28 INFO  TestBase:83 - Found element by : By.id: input-email
23669 [main] INFO com.naveenautomation.TestBases.TestBase  - Found element by : By.id: input-email
2024-03-17 14:56:28 INFO  TestBase:77 - Finding element by : By.id: input-email
23720 [main] INFO com.naveenautomation.TestBases.TestBase  - Finding element by : By.id: input-email
2024-03-17 14:56:28 INFO  TestBase:83 - Found element by : By.id: input-email
23740 [main] INFO com.naveenautomation.TestBases.TestBase  - Found element by : By.id: input-email
2024-03-17 14:56:28 INFO  TestBase:54 - Entering Passwordpassword
23927 [main] INFO com.naveenautomation.TestBases.TestBase  - Entering Passwordpassword
2024-03-17 14:56:28 INFO  TestBase:77 - Finding element by : By.id: input-password
23928 [main] INFO com.naveenautomation.TestBases.TestBase  - Finding element by : By.id: input-password
2024-03-17 14:56:28 INFO  TestBase:83 - Found element by : By.id: input-password
23968 [main] INFO com.naveenautomation.TestBases.TestBase  - Found element by : By.id: input-password
2024-03-17 14:56:28 INFO  TestBase:77 - Finding element by : By.id: input-password
24001 [main] INFO com.naveenautomation.TestBases.TestBase  - Finding element by : By.id: input-password
2024-03-17 14:56:28 INFO  TestBase:83 - Found element by : By.id: input-password
24021 [main] INFO com.naveenautomation.TestBases.TestBase  - Found element by : By.id: input-password
2024-03-17 14:56:28 INFO  TestBase:59 - Clicking login button
24179 [main] INFO com.naveenautomation.TestBases.TestBase  - Clicking login button
2024-03-17 14:56:28 INFO  TestBase:77 - Finding element by : By.cssSelector: #content div>div form>input
24180 [main] INFO com.naveenautomation.TestBases.TestBase  - Finding element by : By.cssSelector: #content div>div form>input
2024-03-17 14:56:28 INFO  TestBase:83 - Found element by : By.cssSelector: #content div>div form>input
24201 [main] INFO com.naveenautomation.TestBases.TestBase  - Found element by : By.cssSelector: #content div>div form>input
2024-03-17 14:56:28 INFO  TestBase:77 - Finding element by : By.cssSelector: #content div>div form>input
24235 [main] INFO com.naveenautomation.TestBases.TestBase  - Finding element by : By.cssSelector: #content div>div form>input
2024-03-17 14:56:28 INFO  TestBase:83 - Found element by : By.cssSelector: #content div>div form>input
24257 [main] INFO com.naveenautomation.TestBases.TestBase  - Found element by : By.cssSelector: #content div>div form>input
2024-03-17 14:56:28 INFO  TestBase:77 - Finding element by : By.cssSelector: #content div>div form>input
24271 [main] INFO com.naveenautomation.TestBases.TestBase  - Finding element by : By.cssSelector: #content div>div form>input
2024-03-17 14:56:28 INFO  TestBase:83 - Found element by : By.cssSelector: #content div>div form>input
24287 [main] INFO com.naveenautomation.TestBases.TestBase  - Found element by : By.cssSelector: #content div>div form>input
2024-03-17 14:56:28 INFO  TestBase:89 - Clicking on element by : [[EdgeDriver: MicrosoftEdge on WINDOWS (d5e95327caa5de84a17190bea00b252c)] -> css selector: #content div>div form>input]
24288 [main] INFO com.naveenautomation.TestBases.TestBase  - Clicking on element by : [[EdgeDriver: MicrosoftEdge on WINDOWS (d5e95327caa5de84a17190bea00b252c)] -> css selector: #content div>div form>input]
2024-03-17 14:56:29 INFO  TestBase:77 - Finding element by : By.cssSelector: #content div>div form>input
24786 [main] INFO com.naveenautomation.TestBases.TestBase  - Finding element by : By.cssSelector: #content div>div form>input
2024-03-17 14:56:29 INFO  TestBase:83 - Found element by : By.cssSelector: #content div>div form>input
24811 [main] INFO com.naveenautomation.TestBases.TestBase  - Found element by : By.cssSelector: #content div>div form>input
2024-03-17 14:56:29 INFO  TestBase:89 - Clicking on element by : [[EdgeDriver: MicrosoftEdge on WINDOWS (d5e95327caa5de84a17190bea00b252c)] -> css selector: #content div>div form>input]
24812 [main] INFO com.naveenautomation.TestBases.TestBase  - Clicking on element by : [[EdgeDriver: MicrosoftEdge on WINDOWS (d5e95327caa5de84a17190bea00b252c)] -> css selector: #content div>div form>input]
2024-03-17 14:56:29 INFO  TestBase:77 - Finding element by : By.cssSelector: #column-right a
25311 [main] INFO com.naveenautomation.TestBases.TestBase  - Finding element by : By.cssSelector: #column-right a
2024-03-17 14:56:30 INFO  TestBase:83 - Found element by : By.cssSelector: #column-right a
25353 [main] INFO com.naveenautomation.TestBases.TestBase  - Found element by : By.cssSelector: #column-right a
2024-03-17 14:56:30 INFO  TestBase:148 - Getting text from element  : Login
25381 [main] INFO com.naveenautomation.TestBases.TestBase  - Getting text from element  : Login
2024-03-17 14:56:30 INFO  TestBase:154 - Geot text from element  : Login
25406 [main] INFO com.naveenautomation.TestBases.TestBase  - Geot text from element  : Login
2024-03-17 14:56:30 INFO  TestBase:148 - Getting text from element  : Register
25420 [main] INFO com.naveenautomation.TestBases.TestBase  - Getting text from element  : Register
2024-03-17 14:56:30 INFO  TestBase:154 - Geot text from element  : Register
25445 [main] INFO com.naveenautomation.TestBases.TestBase  - Geot text from element  : Register
2024-03-17 14:56:30 INFO  TestBase:148 - Getting text from element  : Forgotten Password
25456 [main] INFO com.naveenautomation.TestBases.TestBase  - Getting text from element  : Forgotten Password
2024-03-17 14:56:30 INFO  TestBase:154 - Geot text from element  : Forgotten Password
25481 [main] INFO com.naveenautomation.TestBases.TestBase  - Geot text from element  : Forgotten Password
2024-03-17 14:56:30 INFO  TestBase:148 - Getting text from element  : My Account
25492 [main] INFO com.naveenautomation.TestBases.TestBase  - Getting text from element  : My Account
2024-03-17 14:56:30 INFO  TestBase:154 - Geot text from element  : My Account
25514 [main] INFO com.naveenautomation.TestBases.TestBase  - Geot text from element  : My Account
2024-03-17 14:56:30 INFO  TestBase:148 - Getting text from element  : Address Book
25527 [main] INFO com.naveenautomation.TestBases.TestBase  - Getting text from element  : Address Book
2024-03-17 14:56:30 INFO  TestBase:154 - Geot text from element  : Address Book
25558 [main] INFO com.naveenautomation.TestBases.TestBase  - Geot text from element  : Address Book
2024-03-17 14:56:30 INFO  TestBase:148 - Getting text from element  : Wish List
25572 [main] INFO com.naveenautomation.TestBases.TestBase  - Getting text from element  : Wish List
2024-03-17 14:56:30 INFO  TestBase:154 - Geot text from element  : Wish List
25602 [main] INFO com.naveenautomation.TestBases.TestBase  - Geot text from element  : Wish List
2024-03-17 14:56:30 INFO  TestBase:148 - Getting text from element  : Order History
25615 [main] INFO com.naveenautomation.TestBases.TestBase  - Getting text from element  : Order History
2024-03-17 14:56:30 INFO  TestBase:154 - Geot text from element  : Order History
25640 [main] INFO com.naveenautomation.TestBases.TestBase  - Geot text from element  : Order History
2024-03-17 14:56:30 INFO  TestBase:148 - Getting text from element  : Downloads
25654 [main] INFO com.naveenautomation.TestBases.TestBase  - Getting text from element  : Downloads
2024-03-17 14:56:30 INFO  TestBase:154 - Geot text from element  : Downloads
25678 [main] INFO com.naveenautomation.TestBases.TestBase  - Geot text from element  : Downloads
2024-03-17 14:56:30 INFO  TestBase:148 - Getting text from element  : Recurring payments
25692 [main] INFO com.naveenautomation.TestBases.TestBase  - Getting text from element  : Recurring payments
2024-03-17 14:56:30 INFO  TestBase:154 - Geot text from element  : Recurring payments
25720 [main] INFO com.naveenautomation.TestBases.TestBase  - Geot text from element  : Recurring payments
2024-03-17 14:56:30 INFO  TestBase:89 - Clicking on element by : [[EdgeDriver: MicrosoftEdge on WINDOWS (d5e95327caa5de84a17190bea00b252c)] -> css selector: #column-right a]
25721 [main] INFO com.naveenautomation.TestBases.TestBase  - Clicking on element by : [[EdgeDriver: MicrosoftEdge on WINDOWS (d5e95327caa5de84a17190bea00b252c)] -> css selector: #column-right a]
2024-03-17 14:56:31 INFO  TestBase:77 - Finding element by : By.cssSelector: #content h1
26426 [main] INFO com.naveenautomation.TestBases.TestBase  - Finding element by : By.cssSelector: #content h1
]]></system-out>
    <system-err><![CDATA[Starting Microsoft Edge WebDriver 122.0.2365.92 (908657ec17be9ad27101d76cdae7448c824b705c) on port 47580
To submit feedback, report a bug, or suggest new features, please visit https://github.com/MicrosoftEdge/EdgeWebDriver

Only local connections are allowed.
Please see https://aka.ms/WebDriverSecurity for suggestions on keeping Microsoft Edge WebDriver safe.

Microsoft Edge WebDriver was started successfully.
Mar. 17, 2024 2:56:25 P.M. org.openqa.selenium.remote.ProtocolHandshake createSession
INFO: Detected dialect: W3C
]]></system-err>
  </testcase>
  <testcase name="validateInvalidDataLogin" classname="naveenautomation.tests.AccountLoginPageTest" time="1.792"/>
  <testcase name="validateUserCanAddNewAddress" classname="naveenautomation.tests.AddressBookPageTest" time="1.586">
    <failure message="no such element: Unable to locate element: {&quot;method&quot;:&quot;css selector&quot;,&quot;selector&quot;:&quot;#content div&gt;div form&gt;input&quot;}&#10;  (Session info: MicrosoftEdge=122.0.2365.92)&#10;For documentation on this error, please visit: https://www.seleniumhq.org/exceptions/no_such_element.html&#10;Build info: version: &apos;3.141.59&apos;, revision: &apos;e82be7d358&apos;, time: &apos;2018-11-14T08:17:03&apos;&#10;System info: host: &apos;DESKTOP-EFV0BSI&apos;, ip: &apos;192.168.2.29&apos;, os.name: &apos;Windows 10&apos;, os.arch: &apos;amd64&apos;, os.version: &apos;10.0&apos;, java.version: &apos;11.0.16&apos;&#10;Driver info: org.openqa.selenium.edge.EdgeDriver&#10;Capabilities {acceptInsecureCerts: false, browserName: MicrosoftEdge, browserVersion: 122.0.2365.92, fedcm:accounts: true, javascriptEnabled: true, ms:edgeOptions: {debuggerAddress: localhost:50218}, msedge: {msedgedriverVersion: 122.0.2365.92 (908657ec17be..., userDataDir: C:\Users\user\AppData\Local...}, networkConnectionEnabled: false, pageLoadStrategy: normal, platform: WINDOWS, platformName: WINDOWS, proxy: Proxy(), setWindowRect: true, strictFileInteractability: false, timeouts: {implicit: 0, pageLoad: 300000, script: 30000}, unhandledPromptBehavior: dismiss and notify, webauthn:extension:credBlob: true, webauthn:extension:largeBlob: true, webauthn:extension:minPinLength: true, webauthn:extension:prf: true, webauthn:virtualAuthenticators: true}&#10;Session ID: 19ace172dfb63f3fe99ad1cfff65468c&#10;*** Element info: {Using=css selector, value=#content div&gt;div form&gt;input}" type="org.openqa.selenium.NoSuchElementException">org.openqa.selenium.NoSuchElementException: 
no such element: Unable to locate element: {"method":"css selector","selector":"#content div>div form>input"}
  (Session info: MicrosoftEdge=122.0.2365.92)
For documentation on this error, please visit: https://www.seleniumhq.org/exceptions/no_such_element.html
Build info: version: '3.141.59', revision: 'e82be7d358', time: '2018-11-14T08:17:03'
System info: host: 'DESKTOP-EFV0BSI', ip: '192.168.2.29', os.name: 'Windows 10', os.arch: 'amd64', os.version: '10.0', java.version: '11.0.16'
Driver info: org.openqa.selenium.edge.EdgeDriver
Capabilities {acceptInsecureCerts: false, browserName: MicrosoftEdge, browserVersion: 122.0.2365.92, fedcm:accounts: true, javascriptEnabled: true, ms:edgeOptions: {debuggerAddress: localhost:50218}, msedge: {msedgedriverVersion: 122.0.2365.92 (908657ec17be..., userDataDir: C:\Users\user\AppData\Local...}, networkConnectionEnabled: false, pageLoadStrategy: normal, platform: WINDOWS, platformName: WINDOWS, proxy: Proxy(), setWindowRect: true, strictFileInteractability: false, timeouts: {implicit: 0, pageLoad: 300000, script: 30000}, unhandledPromptBehavior: dismiss and notify, webauthn:extension:credBlob: true, webauthn:extension:largeBlob: true, webauthn:extension:minPinLength: true, webauthn:extension:prf: true, webauthn:virtualAuthenticators: true}
Session ID: 19ace172dfb63f3fe99ad1cfff65468c
*** Element info: {Using=css selector, value=#content div>div form>input}
	at naveenautomation.tests.AddressBookPageTest.validateUserCanAddNewAddress(AddressBookPageTest.java:31)
</failure>
    <system-out><![CDATA[2024-03-17 14:56:38 INFO  TestBase:63 - Launching Edge Browser
34296 [main] INFO com.naveenautomation.TestBases.TestBase  - Launching Edge Browser
2024-03-17 14:56:41 INFO  TestBase:40 - Loading Page in Browser
37244 [main] INFO com.naveenautomation.TestBases.TestBase  - Loading Page in Browser
2024-03-17 14:56:41 INFO  TestBase:35 - Navigating to URL : https://naveenautomationlabs.com/opencart/index.php?route=account/login
37244 [main] INFO com.naveenautomation.TestBases.TestBase  - Navigating to URL : https://naveenautomationlabs.com/opencart/index.php?route=account/login
2024-03-17 14:56:44 INFO  TestBase:41 - Navigated to URL : https://naveenautomationlabs.com/opencart/index.php?route=account/login
39574 [main] INFO com.naveenautomation.TestBases.TestBase  - Navigated to URL : https://naveenautomationlabs.com/opencart/index.php?route=account/login
2024-03-17 14:56:44 INFO  TestBase:49 - Entering Emaillijosh5@gmail.com
39574 [main] INFO com.naveenautomation.TestBases.TestBase  - Entering Emaillijosh5@gmail.com
2024-03-17 14:56:44 INFO  TestBase:77 - Finding element by : By.id: input-email
39576 [main] INFO com.naveenautomation.TestBases.TestBase  - Finding element by : By.id: input-email
2024-03-17 14:56:44 INFO  TestBase:83 - Found element by : By.id: input-email
39604 [main] INFO com.naveenautomation.TestBases.TestBase  - Found element by : By.id: input-email
2024-03-17 14:56:44 INFO  TestBase:77 - Finding element by : By.id: input-email
39640 [main] INFO com.naveenautomation.TestBases.TestBase  - Finding element by : By.id: input-email
2024-03-17 14:56:44 INFO  TestBase:83 - Found element by : By.id: input-email
39663 [main] INFO com.naveenautomation.TestBases.TestBase  - Found element by : By.id: input-email
2024-03-17 14:56:44 INFO  TestBase:54 - Entering Passwordpassword
39861 [main] INFO com.naveenautomation.TestBases.TestBase  - Entering Passwordpassword
2024-03-17 14:56:44 INFO  TestBase:77 - Finding element by : By.id: input-password
39862 [main] INFO com.naveenautomation.TestBases.TestBase  - Finding element by : By.id: input-password
2024-03-17 14:56:44 INFO  TestBase:83 - Found element by : By.id: input-password
39921 [main] INFO com.naveenautomation.TestBases.TestBase  - Found element by : By.id: input-password
2024-03-17 14:56:44 INFO  TestBase:77 - Finding element by : By.id: input-password
39964 [main] INFO com.naveenautomation.TestBases.TestBase  - Finding element by : By.id: input-password
2024-03-17 14:56:44 INFO  TestBase:83 - Found element by : By.id: input-password
39990 [main] INFO com.naveenautomation.TestBases.TestBase  - Found element by : By.id: input-password
2024-03-17 14:56:44 INFO  TestBase:59 - Clicking login button
40216 [main] INFO com.naveenautomation.TestBases.TestBase  - Clicking login button
2024-03-17 14:56:44 INFO  TestBase:77 - Finding element by : By.cssSelector: #content div>div form>input
40217 [main] INFO com.naveenautomation.TestBases.TestBase  - Finding element by : By.cssSelector: #content div>div form>input
2024-03-17 14:56:44 INFO  TestBase:83 - Found element by : By.cssSelector: #content div>div form>input
40270 [main] INFO com.naveenautomation.TestBases.TestBase  - Found element by : By.cssSelector: #content div>div form>input
2024-03-17 14:56:44 INFO  TestBase:77 - Finding element by : By.cssSelector: #content div>div form>input
40306 [main] INFO com.naveenautomation.TestBases.TestBase  - Finding element by : By.cssSelector: #content div>div form>input
2024-03-17 14:56:45 INFO  TestBase:83 - Found element by : By.cssSelector: #content div>div form>input
40334 [main] INFO com.naveenautomation.TestBases.TestBase  - Found element by : By.cssSelector: #content div>div form>input
2024-03-17 14:56:45 INFO  TestBase:77 - Finding element by : By.cssSelector: #content div>div form>input
40347 [main] INFO com.naveenautomation.TestBases.TestBase  - Finding element by : By.cssSelector: #content div>div form>input
2024-03-17 14:56:45 INFO  TestBase:83 - Found element by : By.cssSelector: #content div>div form>input
40363 [main] INFO com.naveenautomation.TestBases.TestBase  - Found element by : By.cssSelector: #content div>div form>input
2024-03-17 14:56:45 INFO  TestBase:89 - Clicking on element by : [[EdgeDriver: MicrosoftEdge on WINDOWS (19ace172dfb63f3fe99ad1cfff65468c)] -> css selector: #content div>div form>input]
40364 [main] INFO com.naveenautomation.TestBases.TestBase  - Clicking on element by : [[EdgeDriver: MicrosoftEdge on WINDOWS (19ace172dfb63f3fe99ad1cfff65468c)] -> css selector: #content div>div form>input]
2024-03-17 14:56:45 INFO  TestBase:77 - Finding element by : By.cssSelector: #content div>div form>input
41131 [main] INFO com.naveenautomation.TestBases.TestBase  - Finding element by : By.cssSelector: #content div>div form>input
]]></system-out>
    <system-err><![CDATA[Starting Microsoft Edge WebDriver 122.0.2365.92 (908657ec17be9ad27101d76cdae7448c824b705c) on port 29844
To submit feedback, report a bug, or suggest new features, please visit https://github.com/MicrosoftEdge/EdgeWebDriver

Only local connections are allowed.
Please see https://aka.ms/WebDriverSecurity for suggestions on keeping Microsoft Edge WebDriver safe.

Microsoft Edge WebDriver was started successfully.
Mar. 17, 2024 2:56:41 P.M. org.openqa.selenium.remote.ProtocolHandshake createSession
INFO: Detected dialect: W3C
]]></system-err>
  </testcase>
  <testcase name="validatereturnPageNavigation" classname="naveenautomation.tests.ReturnPageTest" time="2.862">
    <failure message="no such element: Unable to locate element: {&quot;method&quot;:&quot;css selector&quot;,&quot;selector&quot;:&quot;#content h1&quot;}&#10;  (Session info: MicrosoftEdge=122.0.2365.92)&#10;For documentation on this error, please visit: https://www.seleniumhq.org/exceptions/no_such_element.html&#10;Build info: version: &apos;3.141.59&apos;, revision: &apos;e82be7d358&apos;, time: &apos;2018-11-14T08:17:03&apos;&#10;System info: host: &apos;DESKTOP-EFV0BSI&apos;, ip: &apos;192.168.2.29&apos;, os.name: &apos;Windows 10&apos;, os.arch: &apos;amd64&apos;, os.version: &apos;10.0&apos;, java.version: &apos;11.0.16&apos;&#10;Driver info: org.openqa.selenium.edge.EdgeDriver&#10;Capabilities {acceptInsecureCerts: false, browserName: MicrosoftEdge, browserVersion: 122.0.2365.92, fedcm:accounts: true, javascriptEnabled: true, ms:edgeOptions: {debuggerAddress: localhost:50252}, msedge: {msedgedriverVersion: 122.0.2365.92 (908657ec17be..., userDataDir: C:\Users\user\AppData\Local...}, networkConnectionEnabled: false, pageLoadStrategy: normal, platform: WINDOWS, platformName: WINDOWS, proxy: Proxy(), setWindowRect: true, strictFileInteractability: false, timeouts: {implicit: 0, pageLoad: 300000, script: 30000}, unhandledPromptBehavior: dismiss and notify, webauthn:extension:credBlob: true, webauthn:extension:largeBlob: true, webauthn:extension:minPinLength: true, webauthn:extension:prf: true, webauthn:virtualAuthenticators: true}&#10;Session ID: c44352a07acb47f3752e57104450754d&#10;*** Element info: {Using=css selector, value=#content h1}" type="org.openqa.selenium.NoSuchElementException">org.openqa.selenium.NoSuchElementException: 
no such element: Unable to locate element: {"method":"css selector","selector":"#content h1"}
  (Session info: MicrosoftEdge=122.0.2365.92)
For documentation on this error, please visit: https://www.seleniumhq.org/exceptions/no_such_element.html
Build info: version: '3.141.59', revision: 'e82be7d358', time: '2018-11-14T08:17:03'
System info: host: 'DESKTOP-EFV0BSI', ip: '192.168.2.29', os.name: 'Windows 10', os.arch: 'amd64', os.version: '10.0', java.version: '11.0.16'
Driver info: org.openqa.selenium.edge.EdgeDriver
Capabilities {acceptInsecureCerts: false, browserName: MicrosoftEdge, browserVersion: 122.0.2365.92, fedcm:accounts: true, javascriptEnabled: true, ms:edgeOptions: {debuggerAddress: localhost:50252}, msedge: {msedgedriverVersion: 122.0.2365.92 (908657ec17be..., userDataDir: C:\Users\user\AppData\Local...}, networkConnectionEnabled: false, pageLoadStrategy: normal, platform: WINDOWS, platformName: WINDOWS, proxy: Proxy(), setWindowRect: true, strictFileInteractability: false, timeouts: {implicit: 0, pageLoad: 300000, script: 30000}, unhandledPromptBehavior: dismiss and notify, webauthn:extension:credBlob: true, webauthn:extension:largeBlob: true, webauthn:extension:minPinLength: true, webauthn:extension:prf: true, webauthn:virtualAuthenticators: true}
Session ID: c44352a07acb47f3752e57104450754d
*** Element info: {Using=css selector, value=#content h1}
	at naveenautomation.tests.ReturnPageTest.validatereturnPageNavigation(ReturnPageTest.java:32)
</failure>
    <system-out><![CDATA[2024-03-17 14:56:46 INFO  TestBase:63 - Launching Edge Browser
41421 [main] INFO com.naveenautomation.TestBases.TestBase  - Launching Edge Browser
2024-03-17 14:56:49 INFO  TestBase:40 - Loading Page in Browser
44794 [main] INFO com.naveenautomation.TestBases.TestBase  - Loading Page in Browser
2024-03-17 14:56:49 INFO  TestBase:35 - Navigating to URL : https://naveenautomationlabs.com/opencart/index.php?route=account/login
44795 [main] INFO com.naveenautomation.TestBases.TestBase  - Navigating to URL : https://naveenautomationlabs.com/opencart/index.php?route=account/login
2024-03-17 14:56:52 INFO  TestBase:41 - Navigated to URL : https://naveenautomationlabs.com/opencart/index.php?route=account/login
47600 [main] INFO com.naveenautomation.TestBases.TestBase  - Navigated to URL : https://naveenautomationlabs.com/opencart/index.php?route=account/login
2024-03-17 14:56:52 INFO  TestBase:49 - Entering Emaillijosh4@gmail.com
47601 [main] INFO com.naveenautomation.TestBases.TestBase  - Entering Emaillijosh4@gmail.com
2024-03-17 14:56:52 INFO  TestBase:77 - Finding element by : By.id: input-email
47601 [main] INFO com.naveenautomation.TestBases.TestBase  - Finding element by : By.id: input-email
2024-03-17 14:56:52 INFO  TestBase:83 - Found element by : By.id: input-email
47630 [main] INFO com.naveenautomation.TestBases.TestBase  - Found element by : By.id: input-email
2024-03-17 14:56:52 INFO  TestBase:77 - Finding element by : By.id: input-email
47658 [main] INFO com.naveenautomation.TestBases.TestBase  - Finding element by : By.id: input-email
2024-03-17 14:56:52 INFO  TestBase:83 - Found element by : By.id: input-email
47682 [main] INFO com.naveenautomation.TestBases.TestBase  - Found element by : By.id: input-email
2024-03-17 14:56:52 INFO  TestBase:54 - Entering Passwordpassword
47864 [main] INFO com.naveenautomation.TestBases.TestBase  - Entering Passwordpassword
2024-03-17 14:56:52 INFO  TestBase:77 - Finding element by : By.id: input-password
47864 [main] INFO com.naveenautomation.TestBases.TestBase  - Finding element by : By.id: input-password
2024-03-17 14:56:52 INFO  TestBase:83 - Found element by : By.id: input-password
47893 [main] INFO com.naveenautomation.TestBases.TestBase  - Found element by : By.id: input-password
2024-03-17 14:56:52 INFO  TestBase:77 - Finding element by : By.id: input-password
47927 [main] INFO com.naveenautomation.TestBases.TestBase  - Finding element by : By.id: input-password
2024-03-17 14:56:52 INFO  TestBase:83 - Found element by : By.id: input-password
47946 [main] INFO com.naveenautomation.TestBases.TestBase  - Found element by : By.id: input-password
2024-03-17 14:56:52 INFO  TestBase:59 - Clicking login button
48058 [main] INFO com.naveenautomation.TestBases.TestBase  - Clicking login button
2024-03-17 14:56:52 INFO  TestBase:77 - Finding element by : By.cssSelector: #content div>div form>input
48060 [main] INFO com.naveenautomation.TestBases.TestBase  - Finding element by : By.cssSelector: #content div>div form>input
2024-03-17 14:56:52 INFO  TestBase:83 - Found element by : By.cssSelector: #content div>div form>input
48102 [main] INFO com.naveenautomation.TestBases.TestBase  - Found element by : By.cssSelector: #content div>div form>input
2024-03-17 14:56:52 INFO  TestBase:77 - Finding element by : By.cssSelector: #content div>div form>input
48154 [main] INFO com.naveenautomation.TestBases.TestBase  - Finding element by : By.cssSelector: #content div>div form>input
2024-03-17 14:56:52 INFO  TestBase:83 - Found element by : By.cssSelector: #content div>div form>input
48184 [main] INFO com.naveenautomation.TestBases.TestBase  - Found element by : By.cssSelector: #content div>div form>input
2024-03-17 14:56:52 INFO  TestBase:77 - Finding element by : By.cssSelector: #content div>div form>input
48197 [main] INFO com.naveenautomation.TestBases.TestBase  - Finding element by : By.cssSelector: #content div>div form>input
2024-03-17 14:56:52 INFO  TestBase:83 - Found element by : By.cssSelector: #content div>div form>input
48218 [main] INFO com.naveenautomation.TestBases.TestBase  - Found element by : By.cssSelector: #content div>div form>input
2024-03-17 14:56:52 INFO  TestBase:89 - Clicking on element by : [[EdgeDriver: MicrosoftEdge on WINDOWS (c44352a07acb47f3752e57104450754d)] -> css selector: #content div>div form>input]
48218 [main] INFO com.naveenautomation.TestBases.TestBase  - Clicking on element by : [[EdgeDriver: MicrosoftEdge on WINDOWS (c44352a07acb47f3752e57104450754d)] -> css selector: #content div>div form>input]
2024-03-17 14:56:53 INFO  TestBase:77 - Finding element by : By.cssSelector: #content div>div form>input
48771 [main] INFO com.naveenautomation.TestBases.TestBase  - Finding element by : By.cssSelector: #content div>div form>input
2024-03-17 14:56:53 INFO  TestBase:83 - Found element by : By.cssSelector: #content div>div form>input
48791 [main] INFO com.naveenautomation.TestBases.TestBase  - Found element by : By.cssSelector: #content div>div form>input
2024-03-17 14:56:53 INFO  TestBase:89 - Clicking on element by : [[EdgeDriver: MicrosoftEdge on WINDOWS (c44352a07acb47f3752e57104450754d)] -> css selector: #content div>div form>input]
48793 [main] INFO com.naveenautomation.TestBases.TestBase  - Clicking on element by : [[EdgeDriver: MicrosoftEdge on WINDOWS (c44352a07acb47f3752e57104450754d)] -> css selector: #content div>div form>input]
2024-03-17 14:56:53 INFO  TestBase:77 - Finding element by : By.cssSelector: #column-right a
49253 [main] INFO com.naveenautomation.TestBases.TestBase  - Finding element by : By.cssSelector: #column-right a
2024-03-17 14:56:53 INFO  TestBase:83 - Found element by : By.cssSelector: #column-right a
49285 [main] INFO com.naveenautomation.TestBases.TestBase  - Found element by : By.cssSelector: #column-right a
2024-03-17 14:56:53 INFO  TestBase:148 - Getting text from element  : Login
49305 [main] INFO com.naveenautomation.TestBases.TestBase  - Getting text from element  : Login
2024-03-17 14:56:54 INFO  TestBase:154 - Geot text from element  : Login
49328 [main] INFO com.naveenautomation.TestBases.TestBase  - Geot text from element  : Login
2024-03-17 14:56:54 INFO  TestBase:148 - Getting text from element  : Register
49339 [main] INFO com.naveenautomation.TestBases.TestBase  - Getting text from element  : Register
2024-03-17 14:56:54 INFO  TestBase:154 - Geot text from element  : Register
49361 [main] INFO com.naveenautomation.TestBases.TestBase  - Geot text from element  : Register
2024-03-17 14:56:54 INFO  TestBase:148 - Getting text from element  : Forgotten Password
49372 [main] INFO com.naveenautomation.TestBases.TestBase  - Getting text from element  : Forgotten Password
2024-03-17 14:56:54 INFO  TestBase:154 - Geot text from element  : Forgotten Password
49396 [main] INFO com.naveenautomation.TestBases.TestBase  - Geot text from element  : Forgotten Password
2024-03-17 14:56:54 INFO  TestBase:148 - Getting text from element  : My Account
49410 [main] INFO com.naveenautomation.TestBases.TestBase  - Getting text from element  : My Account
2024-03-17 14:56:54 INFO  TestBase:154 - Geot text from element  : My Account
49435 [main] INFO com.naveenautomation.TestBases.TestBase  - Geot text from element  : My Account
2024-03-17 14:56:54 INFO  TestBase:148 - Getting text from element  : Address Book
49448 [main] INFO com.naveenautomation.TestBases.TestBase  - Getting text from element  : Address Book
2024-03-17 14:56:54 INFO  TestBase:154 - Geot text from element  : Address Book
49478 [main] INFO com.naveenautomation.TestBases.TestBase  - Geot text from element  : Address Book
2024-03-17 14:56:54 INFO  TestBase:148 - Getting text from element  : Wish List
49493 [main] INFO com.naveenautomation.TestBases.TestBase  - Getting text from element  : Wish List
2024-03-17 14:56:54 INFO  TestBase:154 - Geot text from element  : Wish List
49527 [main] INFO com.naveenautomation.TestBases.TestBase  - Geot text from element  : Wish List
2024-03-17 14:56:54 INFO  TestBase:148 - Getting text from element  : Order History
49539 [main] INFO com.naveenautomation.TestBases.TestBase  - Getting text from element  : Order History
2024-03-17 14:56:54 INFO  TestBase:154 - Geot text from element  : Order History
49563 [main] INFO com.naveenautomation.TestBases.TestBase  - Geot text from element  : Order History
2024-03-17 14:56:54 INFO  TestBase:148 - Getting text from element  : Downloads
49577 [main] INFO com.naveenautomation.TestBases.TestBase  - Getting text from element  : Downloads
2024-03-17 14:56:54 INFO  TestBase:154 - Geot text from element  : Downloads
49600 [main] INFO com.naveenautomation.TestBases.TestBase  - Geot text from element  : Downloads
2024-03-17 14:56:54 INFO  TestBase:148 - Getting text from element  : Recurring payments
49614 [main] INFO com.naveenautomation.TestBases.TestBase  - Getting text from element  : Recurring payments
2024-03-17 14:56:54 INFO  TestBase:154 - Geot text from element  : Recurring payments
49641 [main] INFO com.naveenautomation.TestBases.TestBase  - Geot text from element  : Recurring payments
2024-03-17 14:56:54 INFO  TestBase:148 - Getting text from element  : Reward Points
49655 [main] INFO com.naveenautomation.TestBases.TestBase  - Getting text from element  : Reward Points
2024-03-17 14:56:54 INFO  TestBase:154 - Geot text from element  : Reward Points
49682 [main] INFO com.naveenautomation.TestBases.TestBase  - Geot text from element  : Reward Points
2024-03-17 14:56:54 INFO  TestBase:148 - Getting text from element  : Returns
49694 [main] INFO com.naveenautomation.TestBases.TestBase  - Getting text from element  : Returns
2024-03-17 14:56:54 INFO  TestBase:154 - Geot text from element  : Returns
49718 [main] INFO com.naveenautomation.TestBases.TestBase  - Geot text from element  : Returns
2024-03-17 14:56:54 INFO  TestBase:89 - Clicking on element by : [[EdgeDriver: MicrosoftEdge on WINDOWS (c44352a07acb47f3752e57104450754d)] -> css selector: #column-right a]
49719 [main] INFO com.naveenautomation.TestBases.TestBase  - Clicking on element by : [[EdgeDriver: MicrosoftEdge on WINDOWS (c44352a07acb47f3752e57104450754d)] -> css selector: #column-right a]
2024-03-17 14:56:55 INFO  TestBase:77 - Finding element by : By.cssSelector: #content h1
50434 [main] INFO com.naveenautomation.TestBases.TestBase  - Finding element by : By.cssSelector: #content h1
]]></system-out>
    <system-err><![CDATA[Starting Microsoft Edge WebDriver 122.0.2365.92 (908657ec17be9ad27101d76cdae7448c824b705c) on port 11476
To submit feedback, report a bug, or suggest new features, please visit https://github.com/MicrosoftEdge/EdgeWebDriver

Only local connections are allowed.
Please see https://aka.ms/WebDriverSecurity for suggestions on keeping Microsoft Edge WebDriver safe.

Microsoft Edge WebDriver was started successfully.
Mar. 17, 2024 2:56:49 P.M. org.openqa.selenium.remote.ProtocolHandshake createSession
INFO: Detected dialect: W3C
]]></system-err>
  </testcase>
  <testcase name="validateAccountLogout" classname="naveenautomation.tests.AccountLogoutPageTest" time="2.07">
    <failure message="Right side bar Item not found: Logout" type="java.lang.RuntimeException">java.lang.RuntimeException: Right side bar Item not found: Logout
	at naveenautomation.tests.AccountLogoutPageTest.validateAccountLogout(AccountLogoutPageTest.java:30)
</failure>
    <system-out><![CDATA[2024-03-17 14:56:55 INFO  TestBase:63 - Launching Edge Browser
50668 [main] INFO com.naveenautomation.TestBases.TestBase  - Launching Edge Browser
2024-03-17 14:56:58 INFO  TestBase:40 - Loading Page in Browser
53915 [main] INFO com.naveenautomation.TestBases.TestBase  - Loading Page in Browser
2024-03-17 14:56:58 INFO  TestBase:35 - Navigating to URL : https://naveenautomationlabs.com/opencart/index.php?route=account/login
53915 [main] INFO com.naveenautomation.TestBases.TestBase  - Navigating to URL : https://naveenautomationlabs.com/opencart/index.php?route=account/login
2024-03-17 14:57:01 INFO  TestBase:41 - Navigated to URL : https://naveenautomationlabs.com/opencart/index.php?route=account/login
56437 [main] INFO com.naveenautomation.TestBases.TestBase  - Navigated to URL : https://naveenautomationlabs.com/opencart/index.php?route=account/login
2024-03-17 14:57:01 INFO  TestBase:49 - Entering Emaillijosh4@gmail.com
56438 [main] INFO com.naveenautomation.TestBases.TestBase  - Entering Emaillijosh4@gmail.com
2024-03-17 14:57:01 INFO  TestBase:77 - Finding element by : By.id: input-email
56439 [main] INFO com.naveenautomation.TestBases.TestBase  - Finding element by : By.id: input-email
2024-03-17 14:57:01 INFO  TestBase:83 - Found element by : By.id: input-email
56469 [main] INFO com.naveenautomation.TestBases.TestBase  - Found element by : By.id: input-email
2024-03-17 14:57:01 INFO  TestBase:77 - Finding element by : By.id: input-email
56509 [main] INFO com.naveenautomation.TestBases.TestBase  - Finding element by : By.id: input-email
2024-03-17 14:57:01 INFO  TestBase:83 - Found element by : By.id: input-email
56529 [main] INFO com.naveenautomation.TestBases.TestBase  - Found element by : By.id: input-email
2024-03-17 14:57:01 INFO  TestBase:54 - Entering Passwordpassword
56699 [main] INFO com.naveenautomation.TestBases.TestBase  - Entering Passwordpassword
2024-03-17 14:57:01 INFO  TestBase:77 - Finding element by : By.id: input-password
56700 [main] INFO com.naveenautomation.TestBases.TestBase  - Finding element by : By.id: input-password
2024-03-17 14:57:01 INFO  TestBase:83 - Found element by : By.id: input-password
56747 [main] INFO com.naveenautomation.TestBases.TestBase  - Found element by : By.id: input-password
2024-03-17 14:57:01 INFO  TestBase:77 - Finding element by : By.id: input-password
56789 [main] INFO com.naveenautomation.TestBases.TestBase  - Finding element by : By.id: input-password
2024-03-17 14:57:01 INFO  TestBase:83 - Found element by : By.id: input-password
56806 [main] INFO com.naveenautomation.TestBases.TestBase  - Found element by : By.id: input-password
2024-03-17 14:57:01 INFO  TestBase:59 - Clicking login button
56916 [main] INFO com.naveenautomation.TestBases.TestBase  - Clicking login button
2024-03-17 14:57:01 INFO  TestBase:77 - Finding element by : By.cssSelector: #content div>div form>input
56917 [main] INFO com.naveenautomation.TestBases.TestBase  - Finding element by : By.cssSelector: #content div>div form>input
2024-03-17 14:57:01 INFO  TestBase:83 - Found element by : By.cssSelector: #content div>div form>input
56945 [main] INFO com.naveenautomation.TestBases.TestBase  - Found element by : By.cssSelector: #content div>div form>input
2024-03-17 14:57:01 INFO  TestBase:77 - Finding element by : By.cssSelector: #content div>div form>input
56977 [main] INFO com.naveenautomation.TestBases.TestBase  - Finding element by : By.cssSelector: #content div>div form>input
2024-03-17 14:57:01 INFO  TestBase:83 - Found element by : By.cssSelector: #content div>div form>input
57001 [main] INFO com.naveenautomation.TestBases.TestBase  - Found element by : By.cssSelector: #content div>div form>input
2024-03-17 14:57:01 INFO  TestBase:77 - Finding element by : By.cssSelector: #content div>div form>input
57015 [main] INFO com.naveenautomation.TestBases.TestBase  - Finding element by : By.cssSelector: #content div>div form>input
2024-03-17 14:57:01 INFO  TestBase:83 - Found element by : By.cssSelector: #content div>div form>input
57030 [main] INFO com.naveenautomation.TestBases.TestBase  - Found element by : By.cssSelector: #content div>div form>input
2024-03-17 14:57:01 INFO  TestBase:89 - Clicking on element by : [[EdgeDriver: MicrosoftEdge on WINDOWS (10afde9fcfd1f936b23ad6d8ae94701e)] -> css selector: #content div>div form>input]
57030 [main] INFO com.naveenautomation.TestBases.TestBase  - Clicking on element by : [[EdgeDriver: MicrosoftEdge on WINDOWS (10afde9fcfd1f936b23ad6d8ae94701e)] -> css selector: #content div>div form>input]
2024-03-17 14:57:02 INFO  TestBase:77 - Finding element by : By.cssSelector: #content div>div form>input
57551 [main] INFO com.naveenautomation.TestBases.TestBase  - Finding element by : By.cssSelector: #content div>div form>input
2024-03-17 14:57:02 INFO  TestBase:83 - Found element by : By.cssSelector: #content div>div form>input
57581 [main] INFO com.naveenautomation.TestBases.TestBase  - Found element by : By.cssSelector: #content div>div form>input
2024-03-17 14:57:02 INFO  TestBase:89 - Clicking on element by : [[EdgeDriver: MicrosoftEdge on WINDOWS (10afde9fcfd1f936b23ad6d8ae94701e)] -> css selector: #content div>div form>input]
57581 [main] INFO com.naveenautomation.TestBases.TestBase  - Clicking on element by : [[EdgeDriver: MicrosoftEdge on WINDOWS (10afde9fcfd1f936b23ad6d8ae94701e)] -> css selector: #content div>div form>input]
2024-03-17 14:57:02 INFO  TestBase:77 - Finding element by : By.cssSelector: #column-right a
58047 [main] INFO com.naveenautomation.TestBases.TestBase  - Finding element by : By.cssSelector: #column-right a
2024-03-17 14:57:02 INFO  TestBase:83 - Found element by : By.cssSelector: #column-right a
58077 [main] INFO com.naveenautomation.TestBases.TestBase  - Found element by : By.cssSelector: #column-right a
2024-03-17 14:57:02 INFO  TestBase:148 - Getting text from element  : Login
58096 [main] INFO com.naveenautomation.TestBases.TestBase  - Getting text from element  : Login
2024-03-17 14:57:02 INFO  TestBase:154 - Geot text from element  : Login
58117 [main] INFO com.naveenautomation.TestBases.TestBase  - Geot text from element  : Login
2024-03-17 14:57:02 INFO  TestBase:148 - Getting text from element  : Register
58130 [main] INFO com.naveenautomation.TestBases.TestBase  - Getting text from element  : Register
2024-03-17 14:57:02 INFO  TestBase:154 - Geot text from element  : Register
58151 [main] INFO com.naveenautomation.TestBases.TestBase  - Geot text from element  : Register
2024-03-17 14:57:02 INFO  TestBase:148 - Getting text from element  : Forgotten Password
58162 [main] INFO com.naveenautomation.TestBases.TestBase  - Getting text from element  : Forgotten Password
2024-03-17 14:57:02 INFO  TestBase:154 - Geot text from element  : Forgotten Password
58183 [main] INFO com.naveenautomation.TestBases.TestBase  - Geot text from element  : Forgotten Password
2024-03-17 14:57:02 INFO  TestBase:148 - Getting text from element  : My Account
58194 [main] INFO com.naveenautomation.TestBases.TestBase  - Getting text from element  : My Account
2024-03-17 14:57:02 INFO  TestBase:154 - Geot text from element  : My Account
58217 [main] INFO com.naveenautomation.TestBases.TestBase  - Geot text from element  : My Account
2024-03-17 14:57:02 INFO  TestBase:148 - Getting text from element  : Address Book
58229 [main] INFO com.naveenautomation.TestBases.TestBase  - Getting text from element  : Address Book
2024-03-17 14:57:02 INFO  TestBase:154 - Geot text from element  : Address Book
58250 [main] INFO com.naveenautomation.TestBases.TestBase  - Geot text from element  : Address Book
2024-03-17 14:57:02 INFO  TestBase:148 - Getting text from element  : Wish List
58261 [main] INFO com.naveenautomation.TestBases.TestBase  - Getting text from element  : Wish List
2024-03-17 14:57:02 INFO  TestBase:154 - Geot text from element  : Wish List
58283 [main] INFO com.naveenautomation.TestBases.TestBase  - Geot text from element  : Wish List
2024-03-17 14:57:02 INFO  TestBase:148 - Getting text from element  : Order History
58296 [main] INFO com.naveenautomation.TestBases.TestBase  - Getting text from element  : Order History
2024-03-17 14:57:03 INFO  TestBase:154 - Geot text from element  : Order History
58318 [main] INFO com.naveenautomation.TestBases.TestBase  - Geot text from element  : Order History
2024-03-17 14:57:03 INFO  TestBase:148 - Getting text from element  : Downloads
58330 [main] INFO com.naveenautomation.TestBases.TestBase  - Getting text from element  : Downloads
2024-03-17 14:57:03 INFO  TestBase:154 - Geot text from element  : Downloads
58350 [main] INFO com.naveenautomation.TestBases.TestBase  - Geot text from element  : Downloads
2024-03-17 14:57:03 INFO  TestBase:148 - Getting text from element  : Recurring payments
58361 [main] INFO com.naveenautomation.TestBases.TestBase  - Getting text from element  : Recurring payments
2024-03-17 14:57:03 INFO  TestBase:154 - Geot text from element  : Recurring payments
58382 [main] INFO com.naveenautomation.TestBases.TestBase  - Geot text from element  : Recurring payments
2024-03-17 14:57:03 INFO  TestBase:148 - Getting text from element  : Reward Points
58393 [main] INFO com.naveenautomation.TestBases.TestBase  - Getting text from element  : Reward Points
2024-03-17 14:57:03 INFO  TestBase:154 - Geot text from element  : Reward Points
58413 [main] INFO com.naveenautomation.TestBases.TestBase  - Geot text from element  : Reward Points
2024-03-17 14:57:03 INFO  TestBase:148 - Getting text from element  : Returns
58423 [main] INFO com.naveenautomation.TestBases.TestBase  - Getting text from element  : Returns
2024-03-17 14:57:03 INFO  TestBase:154 - Geot text from element  : Returns
58444 [main] INFO com.naveenautomation.TestBases.TestBase  - Geot text from element  : Returns
2024-03-17 14:57:03 INFO  TestBase:148 - Getting text from element  : Transactions
58454 [main] INFO com.naveenautomation.TestBases.TestBase  - Getting text from element  : Transactions
2024-03-17 14:57:03 INFO  TestBase:154 - Geot text from element  : Transactions
58475 [main] INFO com.naveenautomation.TestBases.TestBase  - Geot text from element  : Transactions
2024-03-17 14:57:03 INFO  TestBase:148 - Getting text from element  : Newsletter
58486 [main] INFO com.naveenautomation.TestBases.TestBase  - Getting text from element  : Newsletter
2024-03-17 14:57:03 INFO  TestBase:154 - Geot text from element  : Newsletter
58508 [main] INFO com.naveenautomation.TestBases.TestBase  - Geot text from element  : Newsletter
]]></system-out>
    <system-err><![CDATA[Starting Microsoft Edge WebDriver 122.0.2365.92 (908657ec17be9ad27101d76cdae7448c824b705c) on port 8160
To submit feedback, report a bug, or suggest new features, please visit https://github.com/MicrosoftEdge/EdgeWebDriver

Only local connections are allowed.
Please see https://aka.ms/WebDriverSecurity for suggestions on keeping Microsoft Edge WebDriver safe.

Microsoft Edge WebDriver was started successfully.
Mar. 17, 2024 2:56:58 P.M. org.openqa.selenium.remote.ProtocolHandshake createSession
INFO: Detected dialect: W3C
]]></system-err>
  </testcase>
  <testcase name="validateBrandsPageNavigation" classname="naveenautomation.tests.BrandsPageTest" time="0.758"/>
  <testcase name="validateRecurringPaymentsPageNavigation" classname="naveenautomation.tests.RewardPointsPageTest" time="2.755">
    <failure message="no such element: Unable to locate element: {&quot;method&quot;:&quot;css selector&quot;,&quot;selector&quot;:&quot;#content h1&quot;}&#10;  (Session info: MicrosoftEdge=122.0.2365.92)&#10;For documentation on this error, please visit: https://www.seleniumhq.org/exceptions/no_such_element.html&#10;Build info: version: &apos;3.141.59&apos;, revision: &apos;e82be7d358&apos;, time: &apos;2018-11-14T08:17:03&apos;&#10;System info: host: &apos;DESKTOP-EFV0BSI&apos;, ip: &apos;192.168.2.29&apos;, os.name: &apos;Windows 10&apos;, os.arch: &apos;amd64&apos;, os.version: &apos;10.0&apos;, java.version: &apos;11.0.16&apos;&#10;Driver info: org.openqa.selenium.edge.EdgeDriver&#10;Capabilities {acceptInsecureCerts: false, browserName: MicrosoftEdge, browserVersion: 122.0.2365.92, fedcm:accounts: true, javascriptEnabled: true, ms:edgeOptions: {debuggerAddress: localhost:50349}, msedge: {msedgedriverVersion: 122.0.2365.92 (908657ec17be..., userDataDir: C:\Users\user\AppData\Local...}, networkConnectionEnabled: false, pageLoadStrategy: normal, platform: WINDOWS, platformName: WINDOWS, proxy: Proxy(), setWindowRect: true, strictFileInteractability: false, timeouts: {implicit: 0, pageLoad: 300000, script: 30000}, unhandledPromptBehavior: dismiss and notify, webauthn:extension:credBlob: true, webauthn:extension:largeBlob: true, webauthn:extension:minPinLength: true, webauthn:extension:prf: true, webauthn:virtualAuthenticators: true}&#10;Session ID: dadcefdce74bf7485d066cd2bb7e20f1&#10;*** Element info: {Using=css selector, value=#content h1}" type="org.openqa.selenium.NoSuchElementException">org.openqa.selenium.NoSuchElementException: 
no such element: Unable to locate element: {"method":"css selector","selector":"#content h1"}
  (Session info: MicrosoftEdge=122.0.2365.92)
For documentation on this error, please visit: https://www.seleniumhq.org/exceptions/no_such_element.html
Build info: version: '3.141.59', revision: 'e82be7d358', time: '2018-11-14T08:17:03'
System info: host: 'DESKTOP-EFV0BSI', ip: '192.168.2.29', os.name: 'Windows 10', os.arch: 'amd64', os.version: '10.0', java.version: '11.0.16'
Driver info: org.openqa.selenium.edge.EdgeDriver
Capabilities {acceptInsecureCerts: false, browserName: MicrosoftEdge, browserVersion: 122.0.2365.92, fedcm:accounts: true, javascriptEnabled: true, ms:edgeOptions: {debuggerAddress: localhost:50349}, msedge: {msedgedriverVersion: 122.0.2365.92 (908657ec17be..., userDataDir: C:\Users\user\AppData\Local...}, networkConnectionEnabled: false, pageLoadStrategy: normal, platform: WINDOWS, platformName: WINDOWS, proxy: Proxy(), setWindowRect: true, strictFileInteractability: false, timeouts: {implicit: 0, pageLoad: 300000, script: 30000}, unhandledPromptBehavior: dismiss and notify, webauthn:extension:credBlob: true, webauthn:extension:largeBlob: true, webauthn:extension:minPinLength: true, webauthn:extension:prf: true, webauthn:virtualAuthenticators: true}
Session ID: dadcefdce74bf7485d066cd2bb7e20f1
*** Element info: {Using=css selector, value=#content h1}
	at naveenautomation.tests.RewardPointsPageTest.validateRecurringPaymentsPageNavigation(RewardPointsPageTest.java:32)
</failure>
    <system-out><![CDATA[2024-03-17 14:57:10 INFO  TestBase:63 - Launching Edge Browser
65413 [main] INFO com.naveenautomation.TestBases.TestBase  - Launching Edge Browser
2024-03-17 14:57:13 INFO  TestBase:40 - Loading Page in Browser
68396 [main] INFO com.naveenautomation.TestBases.TestBase  - Loading Page in Browser
2024-03-17 14:57:13 INFO  TestBase:35 - Navigating to URL : https://naveenautomationlabs.com/opencart/index.php?route=account/login
68396 [main] INFO com.naveenautomation.TestBases.TestBase  - Navigating to URL : https://naveenautomationlabs.com/opencart/index.php?route=account/login
2024-03-17 14:57:15 INFO  TestBase:41 - Navigated to URL : https://naveenautomationlabs.com/opencart/index.php?route=account/login
70956 [main] INFO com.naveenautomation.TestBases.TestBase  - Navigated to URL : https://naveenautomationlabs.com/opencart/index.php?route=account/login
2024-03-17 14:57:15 INFO  TestBase:49 - Entering Emaillijosh4@gmail.com
70959 [main] INFO com.naveenautomation.TestBases.TestBase  - Entering Emaillijosh4@gmail.com
2024-03-17 14:57:15 INFO  TestBase:77 - Finding element by : By.id: input-email
70959 [main] INFO com.naveenautomation.TestBases.TestBase  - Finding element by : By.id: input-email
2024-03-17 14:57:15 INFO  TestBase:83 - Found element by : By.id: input-email
70993 [main] INFO com.naveenautomation.TestBases.TestBase  - Found element by : By.id: input-email
2024-03-17 14:57:15 INFO  TestBase:77 - Finding element by : By.id: input-email
71036 [main] INFO com.naveenautomation.TestBases.TestBase  - Finding element by : By.id: input-email
2024-03-17 14:57:15 INFO  TestBase:83 - Found element by : By.id: input-email
71063 [main] INFO com.naveenautomation.TestBases.TestBase  - Found element by : By.id: input-email
2024-03-17 14:57:15 INFO  TestBase:54 - Entering Passwordpassword
71232 [main] INFO com.naveenautomation.TestBases.TestBase  - Entering Passwordpassword
2024-03-17 14:57:15 INFO  TestBase:77 - Finding element by : By.id: input-password
71232 [main] INFO com.naveenautomation.TestBases.TestBase  - Finding element by : By.id: input-password
2024-03-17 14:57:15 INFO  TestBase:83 - Found element by : By.id: input-password
71265 [main] INFO com.naveenautomation.TestBases.TestBase  - Found element by : By.id: input-password
2024-03-17 14:57:15 INFO  TestBase:77 - Finding element by : By.id: input-password
71300 [main] INFO com.naveenautomation.TestBases.TestBase  - Finding element by : By.id: input-password
2024-03-17 14:57:16 INFO  TestBase:83 - Found element by : By.id: input-password
71318 [main] INFO com.naveenautomation.TestBases.TestBase  - Found element by : By.id: input-password
2024-03-17 14:57:16 INFO  TestBase:59 - Clicking login button
71471 [main] INFO com.naveenautomation.TestBases.TestBase  - Clicking login button
2024-03-17 14:57:16 INFO  TestBase:77 - Finding element by : By.cssSelector: #content div>div form>input
71472 [main] INFO com.naveenautomation.TestBases.TestBase  - Finding element by : By.cssSelector: #content div>div form>input
2024-03-17 14:57:16 INFO  TestBase:83 - Found element by : By.cssSelector: #content div>div form>input
71513 [main] INFO com.naveenautomation.TestBases.TestBase  - Found element by : By.cssSelector: #content div>div form>input
2024-03-17 14:57:16 INFO  TestBase:77 - Finding element by : By.cssSelector: #content div>div form>input
71545 [main] INFO com.naveenautomation.TestBases.TestBase  - Finding element by : By.cssSelector: #content div>div form>input
2024-03-17 14:57:16 INFO  TestBase:83 - Found element by : By.cssSelector: #content div>div form>input
71573 [main] INFO com.naveenautomation.TestBases.TestBase  - Found element by : By.cssSelector: #content div>div form>input
2024-03-17 14:57:16 INFO  TestBase:77 - Finding element by : By.cssSelector: #content div>div form>input
71586 [main] INFO com.naveenautomation.TestBases.TestBase  - Finding element by : By.cssSelector: #content div>div form>input
2024-03-17 14:57:16 INFO  TestBase:83 - Found element by : By.cssSelector: #content div>div form>input
71604 [main] INFO com.naveenautomation.TestBases.TestBase  - Found element by : By.cssSelector: #content div>div form>input
2024-03-17 14:57:16 INFO  TestBase:89 - Clicking on element by : [[EdgeDriver: MicrosoftEdge on WINDOWS (dadcefdce74bf7485d066cd2bb7e20f1)] -> css selector: #content div>div form>input]
71604 [main] INFO com.naveenautomation.TestBases.TestBase  - Clicking on element by : [[EdgeDriver: MicrosoftEdge on WINDOWS (dadcefdce74bf7485d066cd2bb7e20f1)] -> css selector: #content div>div form>input]
2024-03-17 14:57:16 INFO  TestBase:77 - Finding element by : By.cssSelector: #content div>div form>input
72089 [main] INFO com.naveenautomation.TestBases.TestBase  - Finding element by : By.cssSelector: #content div>div form>input
2024-03-17 14:57:16 INFO  TestBase:83 - Found element by : By.cssSelector: #content div>div form>input
72113 [main] INFO com.naveenautomation.TestBases.TestBase  - Found element by : By.cssSelector: #content div>div form>input
2024-03-17 14:57:16 INFO  TestBase:89 - Clicking on element by : [[EdgeDriver: MicrosoftEdge on WINDOWS (dadcefdce74bf7485d066cd2bb7e20f1)] -> css selector: #content div>div form>input]
72114 [main] INFO com.naveenautomation.TestBases.TestBase  - Clicking on element by : [[EdgeDriver: MicrosoftEdge on WINDOWS (dadcefdce74bf7485d066cd2bb7e20f1)] -> css selector: #content div>div form>input]
2024-03-17 14:57:17 INFO  TestBase:77 - Finding element by : By.cssSelector: #column-right a
72567 [main] INFO com.naveenautomation.TestBases.TestBase  - Finding element by : By.cssSelector: #column-right a
2024-03-17 14:57:17 INFO  TestBase:83 - Found element by : By.cssSelector: #column-right a
72598 [main] INFO com.naveenautomation.TestBases.TestBase  - Found element by : By.cssSelector: #column-right a
2024-03-17 14:57:17 INFO  TestBase:148 - Getting text from element  : Login
72620 [main] INFO com.naveenautomation.TestBases.TestBase  - Getting text from element  : Login
2024-03-17 14:57:17 INFO  TestBase:154 - Geot text from element  : Login
72645 [main] INFO com.naveenautomation.TestBases.TestBase  - Geot text from element  : Login
2024-03-17 14:57:17 INFO  TestBase:148 - Getting text from element  : Register
72654 [main] INFO com.naveenautomation.TestBases.TestBase  - Getting text from element  : Register
2024-03-17 14:57:17 INFO  TestBase:154 - Geot text from element  : Register
72679 [main] INFO com.naveenautomation.TestBases.TestBase  - Geot text from element  : Register
2024-03-17 14:57:17 INFO  TestBase:148 - Getting text from element  : Forgotten Password
72689 [main] INFO com.naveenautomation.TestBases.TestBase  - Getting text from element  : Forgotten Password
2024-03-17 14:57:17 INFO  TestBase:154 - Geot text from element  : Forgotten Password
72714 [main] INFO com.naveenautomation.TestBases.TestBase  - Geot text from element  : Forgotten Password
2024-03-17 14:57:17 INFO  TestBase:148 - Getting text from element  : My Account
72726 [main] INFO com.naveenautomation.TestBases.TestBase  - Getting text from element  : My Account
2024-03-17 14:57:17 INFO  TestBase:154 - Geot text from element  : My Account
72753 [main] INFO com.naveenautomation.TestBases.TestBase  - Geot text from element  : My Account
2024-03-17 14:57:17 INFO  TestBase:148 - Getting text from element  : Address Book
72764 [main] INFO com.naveenautomation.TestBases.TestBase  - Getting text from element  : Address Book
2024-03-17 14:57:17 INFO  TestBase:154 - Geot text from element  : Address Book
72785 [main] INFO com.naveenautomation.TestBases.TestBase  - Geot text from element  : Address Book
2024-03-17 14:57:17 INFO  TestBase:148 - Getting text from element  : Wish List
72795 [main] INFO com.naveenautomation.TestBases.TestBase  - Getting text from element  : Wish List
2024-03-17 14:57:17 INFO  TestBase:154 - Geot text from element  : Wish List
72818 [main] INFO com.naveenautomation.TestBases.TestBase  - Geot text from element  : Wish List
2024-03-17 14:57:17 INFO  TestBase:148 - Getting text from element  : Order History
72828 [main] INFO com.naveenautomation.TestBases.TestBase  - Getting text from element  : Order History
2024-03-17 14:57:17 INFO  TestBase:154 - Geot text from element  : Order History
72849 [main] INFO com.naveenautomation.TestBases.TestBase  - Geot text from element  : Order History
2024-03-17 14:57:17 INFO  TestBase:148 - Getting text from element  : Downloads
72860 [main] INFO com.naveenautomation.TestBases.TestBase  - Getting text from element  : Downloads
2024-03-17 14:57:17 INFO  TestBase:154 - Geot text from element  : Downloads
72880 [main] INFO com.naveenautomation.TestBases.TestBase  - Geot text from element  : Downloads
2024-03-17 14:57:17 INFO  TestBase:148 - Getting text from element  : Recurring payments
72890 [main] INFO com.naveenautomation.TestBases.TestBase  - Getting text from element  : Recurring payments
2024-03-17 14:57:17 INFO  TestBase:154 - Geot text from element  : Recurring payments
72912 [main] INFO com.naveenautomation.TestBases.TestBase  - Geot text from element  : Recurring payments
2024-03-17 14:57:17 INFO  TestBase:148 - Getting text from element  : Reward Points
72922 [main] INFO com.naveenautomation.TestBases.TestBase  - Getting text from element  : Reward Points
2024-03-17 14:57:17 INFO  TestBase:154 - Geot text from element  : Reward Points
72946 [main] INFO com.naveenautomation.TestBases.TestBase  - Geot text from element  : Reward Points
2024-03-17 14:57:17 INFO  TestBase:89 - Clicking on element by : [[EdgeDriver: MicrosoftEdge on WINDOWS (dadcefdce74bf7485d066cd2bb7e20f1)] -> css selector: #column-right a]
72946 [main] INFO com.naveenautomation.TestBases.TestBase  - Clicking on element by : [[EdgeDriver: MicrosoftEdge on WINDOWS (dadcefdce74bf7485d066cd2bb7e20f1)] -> css selector: #column-right a]
2024-03-17 14:57:18 INFO  TestBase:77 - Finding element by : By.cssSelector: #content h1
73686 [main] INFO com.naveenautomation.TestBases.TestBase  - Finding element by : By.cssSelector: #content h1
]]></system-out>
    <system-err><![CDATA[[1710701829.956][SEVERE]: Unable to receive message from renderer
Starting Microsoft Edge WebDriver 122.0.2365.92 (908657ec17be9ad27101d76cdae7448c824b705c) on port 23506
To submit feedback, report a bug, or suggest new features, please visit https://github.com/MicrosoftEdge/EdgeWebDriver

Only local connections are allowed.
Please see https://aka.ms/WebDriverSecurity for suggestions on keeping Microsoft Edge WebDriver safe.

Microsoft Edge WebDriver was started successfully.
Mar. 17, 2024 2:57:12 P.M. org.openqa.selenium.remote.ProtocolHandshake createSession
INFO: Detected dialect: W3C
]]></system-err>
  </testcase>
  <testcase name="verifyCartPageNavigation" classname="naveenautomation.tests.CartPageTest" time="18.305">
    <failure message="Expected condition failed: waiting for element to be clickable: Proxy element for: DefaultElementLocator &apos;By.cssSelector: .row #cart .dropdown-menu p a:first-of-type&apos; (tried for 15 second(s) with 500 milliseconds interval)" type="org.openqa.selenium.TimeoutException">org.openqa.selenium.TimeoutException: Expected condition failed: waiting for element to be clickable: Proxy element for: DefaultElementLocator 'By.cssSelector: .row #cart .dropdown-menu p a:first-of-type' (tried for 15 second(s) with 500 milliseconds interval)
	at naveenautomation.tests.CartPageTest.verifyCartPageNavigation(CartPageTest.java:30)
Caused by: org.openqa.selenium.NoSuchElementException: 
no such element: Unable to locate element: {"method":"css selector","selector":".row #cart .dropdown-menu p a:first-of-type"}
  (Session info: MicrosoftEdge=122.0.2365.92)
For documentation on this error, please visit: https://www.seleniumhq.org/exceptions/no_such_element.html
Build info: version: '3.141.59', revision: 'e82be7d358', time: '2018-11-14T08:17:03'
System info: host: 'DESKTOP-EFV0BSI', ip: '192.168.2.29', os.name: 'Windows 10', os.arch: 'amd64', os.version: '10.0', java.version: '11.0.16'
Driver info: org.openqa.selenium.edge.EdgeDriver
Capabilities {acceptInsecureCerts: false, browserName: MicrosoftEdge, browserVersion: 122.0.2365.92, fedcm:accounts: true, javascriptEnabled: true, ms:edgeOptions: {debuggerAddress: localhost:50382}, msedge: {msedgedriverVersion: 122.0.2365.92 (908657ec17be..., userDataDir: C:\Users\user\AppData\Local...}, networkConnectionEnabled: false, pageLoadStrategy: normal, platform: WINDOWS, platformName: WINDOWS, proxy: Proxy(), setWindowRect: true, strictFileInteractability: false, timeouts: {implicit: 0, pageLoad: 300000, script: 30000}, unhandledPromptBehavior: dismiss and notify, webauthn:extension:credBlob: true, webauthn:extension:largeBlob: true, webauthn:extension:minPinLength: true, webauthn:extension:prf: true, webauthn:virtualAuthenticators: true}
Session ID: 6490c4dd53964607870b34f8f0320da2
*** Element info: {Using=css selector, value=.row #cart .dropdown-menu p a:first-of-type}
	at naveenautomation.tests.CartPageTest.verifyCartPageNavigation(CartPageTest.java:30)
</failure>
    <system-out><![CDATA[2024-03-17 14:57:18 INFO  TestBase:63 - Launching Edge Browser
73887 [main] INFO com.naveenautomation.TestBases.TestBase  - Launching Edge Browser
2024-03-17 14:57:21 INFO  TestBase:40 - Loading Page in Browser
77185 [main] INFO com.naveenautomation.TestBases.TestBase  - Loading Page in Browser
2024-03-17 14:57:21 INFO  TestBase:35 - Navigating to URL : https://naveenautomationlabs.com/opencart/index.php?route=account/login
77186 [main] INFO com.naveenautomation.TestBases.TestBase  - Navigating to URL : https://naveenautomationlabs.com/opencart/index.php?route=account/login
2024-03-17 14:57:24 INFO  TestBase:41 - Navigated to URL : https://naveenautomationlabs.com/opencart/index.php?route=account/login
79720 [main] INFO com.naveenautomation.TestBases.TestBase  - Navigated to URL : https://naveenautomationlabs.com/opencart/index.php?route=account/login
2024-03-17 14:57:24 INFO  TestBase:49 - Entering Emaillijosh4@gmail.com
79721 [main] INFO com.naveenautomation.TestBases.TestBase  - Entering Emaillijosh4@gmail.com
2024-03-17 14:57:24 INFO  TestBase:77 - Finding element by : By.id: input-email
79722 [main] INFO com.naveenautomation.TestBases.TestBase  - Finding element by : By.id: input-email
2024-03-17 14:57:24 INFO  TestBase:83 - Found element by : By.id: input-email
79763 [main] INFO com.naveenautomation.TestBases.TestBase  - Found element by : By.id: input-email
2024-03-17 14:57:24 INFO  TestBase:77 - Finding element by : By.id: input-email
79808 [main] INFO com.naveenautomation.TestBases.TestBase  - Finding element by : By.id: input-email
2024-03-17 14:57:24 INFO  TestBase:83 - Found element by : By.id: input-email
79829 [main] INFO com.naveenautomation.TestBases.TestBase  - Found element by : By.id: input-email
2024-03-17 14:57:24 INFO  TestBase:54 - Entering Passwordpassword
80001 [main] INFO com.naveenautomation.TestBases.TestBase  - Entering Passwordpassword
2024-03-17 14:57:24 INFO  TestBase:77 - Finding element by : By.id: input-password
80001 [main] INFO com.naveenautomation.TestBases.TestBase  - Finding element by : By.id: input-password
2024-03-17 14:57:24 INFO  TestBase:83 - Found element by : By.id: input-password
80030 [main] INFO com.naveenautomation.TestBases.TestBase  - Found element by : By.id: input-password
2024-03-17 14:57:24 INFO  TestBase:77 - Finding element by : By.id: input-password
80070 [main] INFO com.naveenautomation.TestBases.TestBase  - Finding element by : By.id: input-password
2024-03-17 14:57:24 INFO  TestBase:83 - Found element by : By.id: input-password
80096 [main] INFO com.naveenautomation.TestBases.TestBase  - Found element by : By.id: input-password
2024-03-17 14:57:24 INFO  TestBase:59 - Clicking login button
80256 [main] INFO com.naveenautomation.TestBases.TestBase  - Clicking login button
2024-03-17 14:57:24 INFO  TestBase:77 - Finding element by : By.cssSelector: #content div>div form>input
80256 [main] INFO com.naveenautomation.TestBases.TestBase  - Finding element by : By.cssSelector: #content div>div form>input
2024-03-17 14:57:24 INFO  TestBase:83 - Found element by : By.cssSelector: #content div>div form>input
80295 [main] INFO com.naveenautomation.TestBases.TestBase  - Found element by : By.cssSelector: #content div>div form>input
2024-03-17 14:57:25 INFO  TestBase:77 - Finding element by : By.cssSelector: #content div>div form>input
80331 [main] INFO com.naveenautomation.TestBases.TestBase  - Finding element by : By.cssSelector: #content div>div form>input
2024-03-17 14:57:25 INFO  TestBase:83 - Found element by : By.cssSelector: #content div>div form>input
80356 [main] INFO com.naveenautomation.TestBases.TestBase  - Found element by : By.cssSelector: #content div>div form>input
2024-03-17 14:57:25 INFO  TestBase:77 - Finding element by : By.cssSelector: #content div>div form>input
80369 [main] INFO com.naveenautomation.TestBases.TestBase  - Finding element by : By.cssSelector: #content div>div form>input
2024-03-17 14:57:25 INFO  TestBase:83 - Found element by : By.cssSelector: #content div>div form>input
80388 [main] INFO com.naveenautomation.TestBases.TestBase  - Found element by : By.cssSelector: #content div>div form>input
2024-03-17 14:57:25 INFO  TestBase:89 - Clicking on element by : [[EdgeDriver: MicrosoftEdge on WINDOWS (6490c4dd53964607870b34f8f0320da2)] -> css selector: #content div>div form>input]
80388 [main] INFO com.naveenautomation.TestBases.TestBase  - Clicking on element by : [[EdgeDriver: MicrosoftEdge on WINDOWS (6490c4dd53964607870b34f8f0320da2)] -> css selector: #content div>div form>input]
2024-03-17 14:57:25 INFO  TestBase:77 - Finding element by : By.cssSelector: #content div>div form>input
80886 [main] INFO com.naveenautomation.TestBases.TestBase  - Finding element by : By.cssSelector: #content div>div form>input
2024-03-17 14:57:25 INFO  TestBase:83 - Found element by : By.cssSelector: #content div>div form>input
80916 [main] INFO com.naveenautomation.TestBases.TestBase  - Found element by : By.cssSelector: #content div>div form>input
2024-03-17 14:57:25 INFO  TestBase:89 - Clicking on element by : [[EdgeDriver: MicrosoftEdge on WINDOWS (6490c4dd53964607870b34f8f0320da2)] -> css selector: #content div>div form>input]
80917 [main] INFO com.naveenautomation.TestBases.TestBase  - Clicking on element by : [[EdgeDriver: MicrosoftEdge on WINDOWS (6490c4dd53964607870b34f8f0320da2)] -> css selector: #content div>div form>input]
2024-03-17 14:57:26 INFO  TestBase:77 - Finding element by : By.cssSelector: #logo img
81362 [main] INFO com.naveenautomation.TestBases.TestBase  - Finding element by : By.cssSelector: #logo img
2024-03-17 14:57:26 INFO  TestBase:83 - Found element by : By.cssSelector: #logo img
81386 [main] INFO com.naveenautomation.TestBases.TestBase  - Found element by : By.cssSelector: #logo img
2024-03-17 14:57:26 INFO  TestBase:77 - Finding element by : By.cssSelector: #logo img
81412 [main] INFO com.naveenautomation.TestBases.TestBase  - Finding element by : By.cssSelector: #logo img
2024-03-17 14:57:26 INFO  TestBase:83 - Found element by : By.cssSelector: #logo img
81439 [main] INFO com.naveenautomation.TestBases.TestBase  - Found element by : By.cssSelector: #logo img
2024-03-17 14:57:26 INFO  TestBase:77 - Finding element by : By.cssSelector: #logo img
81451 [main] INFO com.naveenautomation.TestBases.TestBase  - Finding element by : By.cssSelector: #logo img
2024-03-17 14:57:26 INFO  TestBase:83 - Found element by : By.cssSelector: #logo img
81468 [main] INFO com.naveenautomation.TestBases.TestBase  - Found element by : By.cssSelector: #logo img
2024-03-17 14:57:26 INFO  TestBase:89 - Clicking on element by : [[EdgeDriver: MicrosoftEdge on WINDOWS (6490c4dd53964607870b34f8f0320da2)] -> css selector: #logo img]
81469 [main] INFO com.naveenautomation.TestBases.TestBase  - Clicking on element by : [[EdgeDriver: MicrosoftEdge on WINDOWS (6490c4dd53964607870b34f8f0320da2)] -> css selector: #logo img]
2024-03-17 14:57:27 INFO  TestBase:77 - Finding element by : By.cssSelector: .row #cart
82607 [main] INFO com.naveenautomation.TestBases.TestBase  - Finding element by : By.cssSelector: .row #cart
2024-03-17 14:57:27 INFO  TestBase:83 - Found element by : By.cssSelector: .row #cart
82638 [main] INFO com.naveenautomation.TestBases.TestBase  - Found element by : By.cssSelector: .row #cart
2024-03-17 14:57:27 INFO  TestBase:77 - Finding element by : By.cssSelector: .row #cart
82666 [main] INFO com.naveenautomation.TestBases.TestBase  - Finding element by : By.cssSelector: .row #cart
2024-03-17 14:57:27 INFO  TestBase:83 - Found element by : By.cssSelector: .row #cart
82693 [main] INFO com.naveenautomation.TestBases.TestBase  - Found element by : By.cssSelector: .row #cart
2024-03-17 14:57:27 INFO  TestBase:77 - Finding element by : By.cssSelector: .row #cart
82702 [main] INFO com.naveenautomation.TestBases.TestBase  - Finding element by : By.cssSelector: .row #cart
2024-03-17 14:57:27 INFO  TestBase:83 - Found element by : By.cssSelector: .row #cart
82727 [main] INFO com.naveenautomation.TestBases.TestBase  - Found element by : By.cssSelector: .row #cart
2024-03-17 14:57:27 INFO  TestBase:89 - Clicking on element by : [[EdgeDriver: MicrosoftEdge on WINDOWS (6490c4dd53964607870b34f8f0320da2)] -> css selector: .row #cart]
82727 [main] INFO com.naveenautomation.TestBases.TestBase  - Clicking on element by : [[EdgeDriver: MicrosoftEdge on WINDOWS (6490c4dd53964607870b34f8f0320da2)] -> css selector: .row #cart]
2024-03-17 14:57:27 INFO  TestBase:77 - Finding element by : By.cssSelector: .row #cart .dropdown-menu p a:first-of-type
82778 [main] INFO com.naveenautomation.TestBases.TestBase  - Finding element by : By.cssSelector: .row #cart .dropdown-menu p a:first-of-type
2024-03-17 14:57:28 INFO  TestBase:77 - Finding element by : By.cssSelector: .row #cart .dropdown-menu p a:first-of-type
83327 [main] INFO com.naveenautomation.TestBases.TestBase  - Finding element by : By.cssSelector: .row #cart .dropdown-menu p a:first-of-type
2024-03-17 14:57:28 INFO  TestBase:77 - Finding element by : By.cssSelector: .row #cart .dropdown-menu p a:first-of-type
83877 [main] INFO com.naveenautomation.TestBases.TestBase  - Finding element by : By.cssSelector: .row #cart .dropdown-menu p a:first-of-type
2024-03-17 14:57:29 INFO  TestBase:77 - Finding element by : By.cssSelector: .row #cart .dropdown-menu p a:first-of-type
84440 [main] INFO com.naveenautomation.TestBases.TestBase  - Finding element by : By.cssSelector: .row #cart .dropdown-menu p a:first-of-type
2024-03-17 14:57:29 INFO  TestBase:77 - Finding element by : By.cssSelector: .row #cart .dropdown-menu p a:first-of-type
84969 [main] INFO com.naveenautomation.TestBases.TestBase  - Finding element by : By.cssSelector: .row #cart .dropdown-menu p a:first-of-type
2024-03-17 14:57:30 INFO  TestBase:77 - Finding element by : By.cssSelector: .row #cart .dropdown-menu p a:first-of-type
85513 [main] INFO com.naveenautomation.TestBases.TestBase  - Finding element by : By.cssSelector: .row #cart .dropdown-menu p a:first-of-type
2024-03-17 14:57:30 INFO  TestBase:77 - Finding element by : By.cssSelector: .row #cart .dropdown-menu p a:first-of-type
86059 [main] INFO com.naveenautomation.TestBases.TestBase  - Finding element by : By.cssSelector: .row #cart .dropdown-menu p a:first-of-type
2024-03-17 14:57:31 INFO  TestBase:77 - Finding element by : By.cssSelector: .row #cart .dropdown-menu p a:first-of-type
86594 [main] INFO com.naveenautomation.TestBases.TestBase  - Finding element by : By.cssSelector: .row #cart .dropdown-menu p a:first-of-type
2024-03-17 14:57:31 INFO  TestBase:77 - Finding element by : By.cssSelector: .row #cart .dropdown-menu p a:first-of-type
87127 [main] INFO com.naveenautomation.TestBases.TestBase  - Finding element by : By.cssSelector: .row #cart .dropdown-menu p a:first-of-type
2024-03-17 14:57:32 INFO  TestBase:77 - Finding element by : By.cssSelector: .row #cart .dropdown-menu p a:first-of-type
87679 [main] INFO com.naveenautomation.TestBases.TestBase  - Finding element by : By.cssSelector: .row #cart .dropdown-menu p a:first-of-type
2024-03-17 14:57:32 INFO  TestBase:77 - Finding element by : By.cssSelector: .row #cart .dropdown-menu p a:first-of-type
88220 [main] INFO com.naveenautomation.TestBases.TestBase  - Finding element by : By.cssSelector: .row #cart .dropdown-menu p a:first-of-type
2024-03-17 14:57:33 INFO  TestBase:77 - Finding element by : By.cssSelector: .row #cart .dropdown-menu p a:first-of-type
88758 [main] INFO com.naveenautomation.TestBases.TestBase  - Finding element by : By.cssSelector: .row #cart .dropdown-menu p a:first-of-type
2024-03-17 14:57:33 INFO  TestBase:77 - Finding element by : By.cssSelector: .row #cart .dropdown-menu p a:first-of-type
89291 [main] INFO com.naveenautomation.TestBases.TestBase  - Finding element by : By.cssSelector: .row #cart .dropdown-menu p a:first-of-type
2024-03-17 14:57:34 INFO  TestBase:77 - Finding element by : By.cssSelector: .row #cart .dropdown-menu p a:first-of-type
89827 [main] INFO com.naveenautomation.TestBases.TestBase  - Finding element by : By.cssSelector: .row #cart .dropdown-menu p a:first-of-type
2024-03-17 14:57:35 INFO  TestBase:77 - Finding element by : By.cssSelector: .row #cart .dropdown-menu p a:first-of-type
90360 [main] INFO com.naveenautomation.TestBases.TestBase  - Finding element by : By.cssSelector: .row #cart .dropdown-menu p a:first-of-type
2024-03-17 14:57:35 INFO  TestBase:77 - Finding element by : By.cssSelector: .row #cart .dropdown-menu p a:first-of-type
90897 [main] INFO com.naveenautomation.TestBases.TestBase  - Finding element by : By.cssSelector: .row #cart .dropdown-menu p a:first-of-type
2024-03-17 14:57:36 INFO  TestBase:77 - Finding element by : By.cssSelector: .row #cart .dropdown-menu p a:first-of-type
91427 [main] INFO com.naveenautomation.TestBases.TestBase  - Finding element by : By.cssSelector: .row #cart .dropdown-menu p a:first-of-type
2024-03-17 14:57:36 INFO  TestBase:77 - Finding element by : By.cssSelector: .row #cart .dropdown-menu p a:first-of-type
91971 [main] INFO com.naveenautomation.TestBases.TestBase  - Finding element by : By.cssSelector: .row #cart .dropdown-menu p a:first-of-type
2024-03-17 14:57:37 INFO  TestBase:77 - Finding element by : By.cssSelector: .row #cart .dropdown-menu p a:first-of-type
92520 [main] INFO com.naveenautomation.TestBases.TestBase  - Finding element by : By.cssSelector: .row #cart .dropdown-menu p a:first-of-type
2024-03-17 14:57:37 INFO  TestBase:77 - Finding element by : By.cssSelector: .row #cart .dropdown-menu p a:first-of-type
93078 [main] INFO com.naveenautomation.TestBases.TestBase  - Finding element by : By.cssSelector: .row #cart .dropdown-menu p a:first-of-type
2024-03-17 14:57:38 INFO  TestBase:77 - Finding element by : By.cssSelector: .row #cart .dropdown-menu p a:first-of-type
93627 [main] INFO com.naveenautomation.TestBases.TestBase  - Finding element by : By.cssSelector: .row #cart .dropdown-menu p a:first-of-type
2024-03-17 14:57:38 INFO  TestBase:77 - Finding element by : By.cssSelector: .row #cart .dropdown-menu p a:first-of-type
94172 [main] INFO com.naveenautomation.TestBases.TestBase  - Finding element by : By.cssSelector: .row #cart .dropdown-menu p a:first-of-type
2024-03-17 14:57:39 INFO  TestBase:77 - Finding element by : By.cssSelector: .row #cart .dropdown-menu p a:first-of-type
94719 [main] INFO com.naveenautomation.TestBases.TestBase  - Finding element by : By.cssSelector: .row #cart .dropdown-menu p a:first-of-type
2024-03-17 14:57:39 INFO  TestBase:77 - Finding element by : By.cssSelector: .row #cart .dropdown-menu p a:first-of-type
[...]
311409 [main] INFO com.naveenautomation.TestBases.TestBase  - Clicking on element by : [[EdgeDriver: MicrosoftEdge on WINDOWS (4b4e64b9a5dbfbd8af9bf69e82289bf7)] -> css selector: #content div>div form>input]
2024-03-17 15:01:17 INFO  TestBase:77 - Finding element by : By.cssSelector: #column-right a
312815 [main] INFO com.naveenautomation.TestBases.TestBase  - Finding element by : By.cssSelector: #column-right a
2024-03-17 15:01:17 INFO  TestBase:83 - Found element by : By.cssSelector: #column-right a
312844 [main] INFO com.naveenautomation.TestBases.TestBase  - Found element by : By.cssSelector: #column-right a
2024-03-17 15:01:17 INFO  TestBase:148 - Getting text from element  : Login
312862 [main] INFO com.naveenautomation.TestBases.TestBase  - Getting text from element  : Login
2024-03-17 15:01:17 INFO  TestBase:154 - Geot text from element  : Login
312887 [main] INFO com.naveenautomation.TestBases.TestBase  - Geot text from element  : Login
2024-03-17 15:01:17 INFO  TestBase:148 - Getting text from element  : Register
312899 [main] INFO com.naveenautomation.TestBases.TestBase  - Getting text from element  : Register
2024-03-17 15:01:17 INFO  TestBase:154 - Geot text from element  : Register
312921 [main] INFO com.naveenautomation.TestBases.TestBase  - Geot text from element  : Register
2024-03-17 15:01:17 INFO  TestBase:148 - Getting text from element  : Forgotten Password
312934 [main] INFO com.naveenautomation.TestBases.TestBase  - Getting text from element  : Forgotten Password
2024-03-17 15:01:17 INFO  TestBase:154 - Geot text from element  : Forgotten Password
312958 [main] INFO com.naveenautomation.TestBases.TestBase  - Geot text from element  : Forgotten Password
2024-03-17 15:01:17 INFO  TestBase:148 - Getting text from element  : My Account
312971 [main] INFO com.naveenautomation.TestBases.TestBase  - Getting text from element  : My Account
2024-03-17 15:01:17 INFO  TestBase:154 - Geot text from element  : My Account
312999 [main] INFO com.naveenautomation.TestBases.TestBase  - Geot text from element  : My Account
2024-03-17 15:01:17 INFO  TestBase:148 - Getting text from element  : Address Book
313010 [main] INFO com.naveenautomation.TestBases.TestBase  - Getting text from element  : Address Book
2024-03-17 15:01:17 INFO  TestBase:154 - Geot text from element  : Address Book
313040 [main] INFO com.naveenautomation.TestBases.TestBase  - Geot text from element  : Address Book
2024-03-17 15:01:17 INFO  TestBase:148 - Getting text from element  : Wish List
313054 [main] INFO com.naveenautomation.TestBases.TestBase  - Getting text from element  : Wish List
2024-03-17 15:01:17 INFO  TestBase:154 - Geot text from element  : Wish List
313083 [main] INFO com.naveenautomation.TestBases.TestBase  - Geot text from element  : Wish List
2024-03-17 15:01:17 INFO  TestBase:148 - Getting text from element  : Order History
313095 [main] INFO com.naveenautomation.TestBases.TestBase  - Getting text from element  : Order History
2024-03-17 15:01:17 INFO  TestBase:154 - Geot text from element  : Order History
313119 [main] INFO com.naveenautomation.TestBases.TestBase  - Geot text from element  : Order History
2024-03-17 15:01:17 INFO  TestBase:148 - Getting text from element  : Downloads
313132 [main] INFO com.naveenautomation.TestBases.TestBase  - Getting text from element  : Downloads
2024-03-17 15:01:17 INFO  TestBase:154 - Geot text from element  : Downloads
313157 [main] INFO com.naveenautomation.TestBases.TestBase  - Geot text from element  : Downloads
2024-03-17 15:01:17 INFO  TestBase:148 - Getting text from element  : Recurring payments
313170 [main] INFO com.naveenautomation.TestBases.TestBase  - Getting text from element  : Recurring payments
2024-03-17 15:01:17 INFO  TestBase:154 - Geot text from element  : Recurring payments
313190 [main] INFO com.naveenautomation.TestBases.TestBase  - Geot text from element  : Recurring payments
2024-03-17 15:01:17 INFO  TestBase:148 - Getting text from element  : Reward Points
313205 [main] INFO com.naveenautomation.TestBases.TestBase  - Getting text from element  : Reward Points
2024-03-17 15:01:17 INFO  TestBase:154 - Geot text from element  : Reward Points
313226 [main] INFO com.naveenautomation.TestBases.TestBase  - Geot text from element  : Reward Points
2024-03-17 15:01:17 INFO  TestBase:148 - Getting text from element  : Returns
313238 [main] INFO com.naveenautomation.TestBases.TestBase  - Getting text from element  : Returns
2024-03-17 15:01:17 INFO  TestBase:154 - Geot text from element  : Returns
313258 [main] INFO com.naveenautomation.TestBases.TestBase  - Geot text from element  : Returns
2024-03-17 15:01:17 INFO  TestBase:148 - Getting text from element  : Transactions
313270 [main] INFO com.naveenautomation.TestBases.TestBase  - Getting text from element  : Transactions
2024-03-17 15:01:17 INFO  TestBase:154 - Geot text from element  : Transactions
313294 [main] INFO com.naveenautomation.TestBases.TestBase  - Geot text from element  : Transactions
2024-03-17 15:01:17 INFO  TestBase:148 - Getting text from element  : Newsletter
313305 [main] INFO com.naveenautomation.TestBases.TestBase  - Getting text from element  : Newsletter
2024-03-17 15:01:18 INFO  TestBase:154 - Geot text from element  : Newsletter
313327 [main] INFO com.naveenautomation.TestBases.TestBase  - Geot text from element  : Newsletter
2024-03-17 15:01:18 INFO  TestBase:89 - Clicking on element by : [[EdgeDriver: MicrosoftEdge on WINDOWS (4b4e64b9a5dbfbd8af9bf69e82289bf7)] -> css selector: #column-right a]
313328 [main] INFO com.naveenautomation.TestBases.TestBase  - Clicking on element by : [[EdgeDriver: MicrosoftEdge on WINDOWS (4b4e64b9a5dbfbd8af9bf69e82289bf7)] -> css selector: #column-right a]
2024-03-17 15:01:18 INFO  TestBase:77 - Finding element by : By.cssSelector: .radio-inline:first-of-type input
314105 [main] INFO com.naveenautomation.TestBases.TestBase  - Finding element by : By.cssSelector: .radio-inline:first-of-type input
]]></system-out>
    <system-err><![CDATA[Starting Microsoft Edge WebDriver 122.0.2365.92 (908657ec17be9ad27101d76cdae7448c824b705c) on port 30072
To submit feedback, report a bug, or suggest new features, please visit https://github.com/MicrosoftEdge/EdgeWebDriver

Only local connections are allowed.
Please see https://aka.ms/WebDriverSecurity for suggestions on keeping Microsoft Edge WebDriver safe.

Microsoft Edge WebDriver was started successfully.
Mar. 17, 2024 3:01:12 P.M. org.openqa.selenium.remote.ProtocolHandshake createSession
INFO: Detected dialect: W3C
]]></system-err>
  </testcase>
  <testcase name="validateOrderHistoryPageNavigation" classname="naveenautomation.tests.OrderHistoryPageTest" time="2.795">
    <failure message="no such element: Unable to locate element: {&quot;method&quot;:&quot;css selector&quot;,&quot;selector&quot;:&quot;#content h1&quot;}&#10;  (Session info: MicrosoftEdge=122.0.2365.92)&#10;For documentation on this error, please visit: https://www.seleniumhq.org/exceptions/no_such_element.html&#10;Build info: version: &apos;3.141.59&apos;, revision: &apos;e82be7d358&apos;, time: &apos;2018-11-14T08:17:03&apos;&#10;System info: host: &apos;DESKTOP-EFV0BSI&apos;, ip: &apos;192.168.2.29&apos;, os.name: &apos;Windows 10&apos;, os.arch: &apos;amd64&apos;, os.version: &apos;10.0&apos;, java.version: &apos;11.0.16&apos;&#10;Driver info: org.openqa.selenium.edge.EdgeDriver&#10;Capabilities {acceptInsecureCerts: false, browserName: MicrosoftEdge, browserVersion: 122.0.2365.92, fedcm:accounts: true, javascriptEnabled: true, ms:edgeOptions: {debuggerAddress: localhost:51061}, msedge: {msedgedriverVersion: 122.0.2365.92 (908657ec17be..., userDataDir: C:\Users\user\AppData\Local...}, networkConnectionEnabled: false, pageLoadStrategy: normal, platform: WINDOWS, platformName: WINDOWS, proxy: Proxy(), setWindowRect: true, strictFileInteractability: false, timeouts: {implicit: 0, pageLoad: 300000, script: 30000}, unhandledPromptBehavior: dismiss and notify, webauthn:extension:credBlob: true, webauthn:extension:largeBlob: true, webauthn:extension:minPinLength: true, webauthn:extension:prf: true, webauthn:virtualAuthenticators: true}&#10;Session ID: 37db61ffa015431ea7f3528e939ccd2a&#10;*** Element info: {Using=css selector, value=#content h1}" type="org.openqa.selenium.NoSuchElementException">org.openqa.selenium.NoSuchElementException: 
no such element: Unable to locate element: {"method":"css selector","selector":"#content h1"}
  (Session info: MicrosoftEdge=122.0.2365.92)
For documentation on this error, please visit: https://www.seleniumhq.org/exceptions/no_such_element.html
Build info: version: '3.141.59', revision: 'e82be7d358', time: '2018-11-14T08:17:03'
System info: host: 'DESKTOP-EFV0BSI', ip: '192.168.2.29', os.name: 'Windows 10', os.arch: 'amd64', os.version: '10.0', java.version: '11.0.16'
Driver info: org.openqa.selenium.edge.EdgeDriver
Capabilities {acceptInsecureCerts: false, browserName: MicrosoftEdge, browserVersion: 122.0.2365.92, fedcm:accounts: true, javascriptEnabled: true, ms:edgeOptions: {debuggerAddress: localhost:51061}, msedge: {msedgedriverVersion: 122.0.2365.92 (908657ec17be..., userDataDir: C:\Users\user\AppData\Local...}, networkConnectionEnabled: false, pageLoadStrategy: normal, platform: WINDOWS, platformName: WINDOWS, proxy: Proxy(), setWindowRect: true, strictFileInteractability: false, timeouts: {implicit: 0, pageLoad: 300000, script: 30000}, unhandledPromptBehavior: dismiss and notify, webauthn:extension:credBlob: true, webauthn:extension:largeBlob: true, webauthn:extension:minPinLength: true, webauthn:extension:prf: true, webauthn:virtualAuthenticators: true}
Session ID: 37db61ffa015431ea7f3528e939ccd2a
*** Element info: {Using=css selector, value=#content h1}
	at naveenautomation.tests.OrderHistoryPageTest.validateOrderHistoryPageNavigation(OrderHistoryPageTest.java:32)
</failure>
    <system-out><![CDATA[2024-03-17 15:01:19 INFO  TestBase:63 - Launching Edge Browser
314387 [main] INFO com.naveenautomation.TestBases.TestBase  - Launching Edge Browser
2024-03-17 15:01:22 INFO  TestBase:40 - Loading Page in Browser
317620 [main] INFO com.naveenautomation.TestBases.TestBase  - Loading Page in Browser
2024-03-17 15:01:22 INFO  TestBase:35 - Navigating to URL : https://naveenautomationlabs.com/opencart/index.php?route=account/login
317620 [main] INFO com.naveenautomation.TestBases.TestBase  - Navigating to URL : https://naveenautomationlabs.com/opencart/index.php?route=account/login
2024-03-17 15:01:24 INFO  TestBase:41 - Navigated to URL : https://naveenautomationlabs.com/opencart/index.php?route=account/login
319954 [main] INFO com.naveenautomation.TestBases.TestBase  - Navigated to URL : https://naveenautomationlabs.com/opencart/index.php?route=account/login
2024-03-17 15:01:24 INFO  TestBase:49 - Entering Emaillijosh4@gmail.com
319955 [main] INFO com.naveenautomation.TestBases.TestBase  - Entering Emaillijosh4@gmail.com
2024-03-17 15:01:24 INFO  TestBase:77 - Finding element by : By.id: input-email
319955 [main] INFO com.naveenautomation.TestBases.TestBase  - Finding element by : By.id: input-email
2024-03-17 15:01:24 INFO  TestBase:83 - Found element by : By.id: input-email
319997 [main] INFO com.naveenautomation.TestBases.TestBase  - Found element by : By.id: input-email
2024-03-17 15:01:24 INFO  TestBase:77 - Finding element by : By.id: input-email
320034 [main] INFO com.naveenautomation.TestBases.TestBase  - Finding element by : By.id: input-email
2024-03-17 15:01:24 INFO  TestBase:83 - Found element by : By.id: input-email
320053 [main] INFO com.naveenautomation.TestBases.TestBase  - Found element by : By.id: input-email
2024-03-17 15:01:24 INFO  TestBase:54 - Entering Passwordpassword
320277 [main] INFO com.naveenautomation.TestBases.TestBase  - Entering Passwordpassword
2024-03-17 15:01:24 INFO  TestBase:77 - Finding element by : By.id: input-password
320278 [main] INFO com.naveenautomation.TestBases.TestBase  - Finding element by : By.id: input-password
2024-03-17 15:01:25 INFO  TestBase:83 - Found element by : By.id: input-password
320315 [main] INFO com.naveenautomation.TestBases.TestBase  - Found element by : By.id: input-password
2024-03-17 15:01:25 INFO  TestBase:77 - Finding element by : By.id: input-password
320352 [main] INFO com.naveenautomation.TestBases.TestBase  - Finding element by : By.id: input-password
2024-03-17 15:01:25 INFO  TestBase:83 - Found element by : By.id: input-password
320369 [main] INFO com.naveenautomation.TestBases.TestBase  - Found element by : By.id: input-password
2024-03-17 15:01:25 INFO  TestBase:59 - Clicking login button
320539 [main] INFO com.naveenautomation.TestBases.TestBase  - Clicking login button
2024-03-17 15:01:25 INFO  TestBase:77 - Finding element by : By.cssSelector: #content div>div form>input
320540 [main] INFO com.naveenautomation.TestBases.TestBase  - Finding element by : By.cssSelector: #content div>div form>input
2024-03-17 15:01:25 INFO  TestBase:83 - Found element by : By.cssSelector: #content div>div form>input
320561 [main] INFO com.naveenautomation.TestBases.TestBase  - Found element by : By.cssSelector: #content div>div form>input
2024-03-17 15:01:25 INFO  TestBase:77 - Finding element by : By.cssSelector: #content div>div form>input
320593 [main] INFO com.naveenautomation.TestBases.TestBase  - Finding element by : By.cssSelector: #content div>div form>input
2024-03-17 15:01:25 INFO  TestBase:83 - Found element by : By.cssSelector: #content div>div form>input
320616 [main] INFO com.naveenautomation.TestBases.TestBase  - Found element by : By.cssSelector: #content div>div form>input
2024-03-17 15:01:25 INFO  TestBase:77 - Finding element by : By.cssSelector: #content div>div form>input
320629 [main] INFO com.naveenautomation.TestBases.TestBase  - Finding element by : By.cssSelector: #content div>div form>input
2024-03-17 15:01:25 INFO  TestBase:83 - Found element by : By.cssSelector: #content div>div form>input
320647 [main] INFO com.naveenautomation.TestBases.TestBase  - Found element by : By.cssSelector: #content div>div form>input
2024-03-17 15:01:25 INFO  TestBase:89 - Clicking on element by : [[EdgeDriver: MicrosoftEdge on WINDOWS (37db61ffa015431ea7f3528e939ccd2a)] -> css selector: #content div>div form>input]
320648 [main] INFO com.naveenautomation.TestBases.TestBase  - Clicking on element by : [[EdgeDriver: MicrosoftEdge on WINDOWS (37db61ffa015431ea7f3528e939ccd2a)] -> css selector: #content div>div form>input]
2024-03-17 15:01:25 INFO  TestBase:77 - Finding element by : By.cssSelector: #content div>div form>input
321153 [main] INFO com.naveenautomation.TestBases.TestBase  - Finding element by : By.cssSelector: #content div>div form>input
2024-03-17 15:01:25 INFO  TestBase:83 - Found element by : By.cssSelector: #content div>div form>input
321178 [main] INFO com.naveenautomation.TestBases.TestBase  - Found element by : By.cssSelector: #content div>div form>input
2024-03-17 15:01:25 INFO  TestBase:89 - Clicking on element by : [[EdgeDriver: MicrosoftEdge on WINDOWS (37db61ffa015431ea7f3528e939ccd2a)] -> css selector: #content div>div form>input]
321178 [main] INFO com.naveenautomation.TestBases.TestBase  - Clicking on element by : [[EdgeDriver: MicrosoftEdge on WINDOWS (37db61ffa015431ea7f3528e939ccd2a)] -> css selector: #content div>div form>input]
2024-03-17 15:01:26 INFO  TestBase:77 - Finding element by : By.cssSelector: #column-right a
321659 [main] INFO com.naveenautomation.TestBases.TestBase  - Finding element by : By.cssSelector: #column-right a
2024-03-17 15:01:26 INFO  TestBase:83 - Found element by : By.cssSelector: #column-right a
321688 [main] INFO com.naveenautomation.TestBases.TestBase  - Found element by : By.cssSelector: #column-right a
2024-03-17 15:01:26 INFO  TestBase:148 - Getting text from element  : Login
321711 [main] INFO com.naveenautomation.TestBases.TestBase  - Getting text from element  : Login
2024-03-17 15:01:26 INFO  TestBase:154 - Geot text from element  : Login
321737 [main] INFO com.naveenautomation.TestBases.TestBase  - Geot text from element  : Login
2024-03-17 15:01:26 INFO  TestBase:148 - Getting text from element  : Register
321749 [main] INFO com.naveenautomation.TestBases.TestBase  - Getting text from element  : Register
2024-03-17 15:01:26 INFO  TestBase:154 - Geot text from element  : Register
321771 [main] INFO com.naveenautomation.TestBases.TestBase  - Geot text from element  : Register
2024-03-17 15:01:26 INFO  TestBase:148 - Getting text from element  : Forgotten Password
321783 [main] INFO com.naveenautomation.TestBases.TestBase  - Getting text from element  : Forgotten Password
2024-03-17 15:01:26 INFO  TestBase:154 - Geot text from element  : Forgotten Password
321809 [main] INFO com.naveenautomation.TestBases.TestBase  - Geot text from element  : Forgotten Password
2024-03-17 15:01:26 INFO  TestBase:148 - Getting text from element  : My Account
321822 [main] INFO com.naveenautomation.TestBases.TestBase  - Getting text from element  : My Account
2024-03-17 15:01:26 INFO  TestBase:154 - Geot text from element  : My Account
321847 [main] INFO com.naveenautomation.TestBases.TestBase  - Geot text from element  : My Account
2024-03-17 15:01:26 INFO  TestBase:148 - Getting text from element  : Address Book
321857 [main] INFO com.naveenautomation.TestBases.TestBase  - Getting text from element  : Address Book
2024-03-17 15:01:26 INFO  TestBase:154 - Geot text from element  : Address Book
321880 [main] INFO com.naveenautomation.TestBases.TestBase  - Geot text from element  : Address Book
2024-03-17 15:01:26 INFO  TestBase:148 - Getting text from element  : Wish List
321893 [main] INFO com.naveenautomation.TestBases.TestBase  - Getting text from element  : Wish List
2024-03-17 15:01:26 INFO  TestBase:154 - Geot text from element  : Wish List
321917 [main] INFO com.naveenautomation.TestBases.TestBase  - Geot text from element  : Wish List
2024-03-17 15:01:26 INFO  TestBase:148 - Getting text from element  : Order History
321927 [main] INFO com.naveenautomation.TestBases.TestBase  - Getting text from element  : Order History
2024-03-17 15:01:26 INFO  TestBase:154 - Geot text from element  : Order History
321949 [main] INFO com.naveenautomation.TestBases.TestBase  - Geot text from element  : Order History
2024-03-17 15:01:26 INFO  TestBase:89 - Clicking on element by : [[EdgeDriver: MicrosoftEdge on WINDOWS (37db61ffa015431ea7f3528e939ccd2a)] -> css selector: #column-right a]
321950 [main] INFO com.naveenautomation.TestBases.TestBase  - Clicking on element by : [[EdgeDriver: MicrosoftEdge on WINDOWS (37db61ffa015431ea7f3528e939ccd2a)] -> css selector: #column-right a]
2024-03-17 15:01:27 INFO  TestBase:77 - Finding element by : By.cssSelector: #content h1
322716 [main] INFO com.naveenautomation.TestBases.TestBase  - Finding element by : By.cssSelector: #content h1
]]></system-out>
    <system-err><![CDATA[[1710702078.967][SEVERE]: Unable to receive message from renderer
Starting Microsoft Edge WebDriver 122.0.2365.92 (908657ec17be9ad27101d76cdae7448c824b705c) on port 8637
To submit feedback, report a bug, or suggest new features, please visit https://github.com/MicrosoftEdge/EdgeWebDriver

Only local connections are allowed.
Please see https://aka.ms/WebDriverSecurity for suggestions on keeping Microsoft Edge WebDriver safe.

Microsoft Edge WebDriver was started successfully.
Mar. 17, 2024 3:01:22 P.M. org.openqa.selenium.remote.ProtocolHandshake createSession
INFO: Detected dialect: W3C
]]></system-err>
  </testcase>
  <testcase name="validatePrivacyPolicyPageNavigation" classname="naveenautomation.tests.PrivacyPolicyPageTest" time="0.871"/>
  <testcase name="verifyAddtoCart" classname="naveenautomation.tests.ProductId43PageTest" time="4.62"/>
  <testcase name="verifyAddtoWishList" classname="naveenautomation.tests.ProductId43PageTest" time="4.654"/>
  <testcase name="verifySearchPageHeader" classname="naveenautomation.tests.ProductSearchPageTest" time="1.052"/>
</testsuite>