<?xml version="1.0" encoding="UTF-8"?>
<testng-results ignored="0" total="1" passed="1" failed="0" skipped="0">
  <reporter-output>
  </reporter-output>
  <suite started-at="2024-03-09T14:15:03 EST" name="Default suite" finished-at="2024-03-09T14:15:19 EST" duration-ms="15929">
    <groups>
    </groups>
    <test started-at="2024-03-09T14:15:03 EST" name="Default test" finished-at="2024-03-09T14:15:19 EST" duration-ms="15929">
      <class name="naveenautomation.tests.AccountLoginPageTest">
        <test-method is-config="true" signature="setUpLogger()[pri:0, instance:naveenautomation.tests.AccountLoginPageTest@1151e434]" started-at="2024-03-09T14:15:03 EST" name="setUpLogger" finished-at="2024-03-09T14:15:04 EST" duration-ms="294" status="PASS">
          <reporter-output>
          </reporter-output>
        </test-method> <!-- setUpLogger -->
        <test-method is-config="true" signature="launchBrowser()[pri:0, instance:naveenautomation.tests.AccountLoginPageTest@1151e434]" started-at="2024-03-09T14:15:04 EST" name="launchBrowser" finished-at="2024-03-09T14:15:17 EST" duration-ms="13189" status="PASS">
          <reporter-output>
          </reporter-output>
        </test-method> <!-- launchBrowser -->
        <test-method signature="validateInvalidDataLogin()[pri:0, instance:naveenautomation.tests.AccountLoginPageTest@1151e434]" started-at="2024-03-09T14:15:17 EST" name="validateInvalidDataLogin" finished-at="2024-03-09T14:15:19 EST" duration-ms="1805" status="PASS">
          <reporter-output>
          </reporter-output>
        </test-method> <!-- validateInvalidDataLogin -->
        <test-method is-config="true" signature="closeBrowser()[pri:0, instance:naveenautomation.tests.AccountLoginPageTest@1151e434]" started-at="2024-03-09T14:15:19 EST" name="closeBrowser" finished-at="2024-03-09T14:15:19 EST" duration-ms="556" status="PASS">
          <reporter-output>
          </reporter-output>
        </test-method> <!-- closeBrowser -->
      </class> <!-- naveenautomation.tests.AccountLoginPageTest -->
    </test> <!-- Default test -->
  </suite> <!-- Default suite -->
</testng-results>
