<?xml version="1.0" encoding="UTF-8"?>
<testng-results ignored="0" total="1" passed="1" failed="0" skipped="0">
  <reporter-output>
  </reporter-output>
  <suite started-at="2024-03-12T17:32:02 EDT" name="Default suite" finished-at="2024-03-12T17:33:26 EDT" duration-ms="83426">
    <groups>
    </groups>
    <test started-at="2024-03-12T17:32:02 EDT" name="Default test" finished-at="2024-03-12T17:33:26 EDT" duration-ms="83426">
      <class name="naveenautomation.tests.AddressBookPageTest">
        <test-method is-config="true" signature="setUpLogger()[pri:0, instance:naveenautomation.tests.AddressBookPageTest@2dc54ad4]" started-at="2024-03-12T17:32:02 EDT" name="setUpLogger" finished-at="2024-03-12T17:32:02 EDT" duration-ms="210" status="PASS">
          <reporter-output>
          </reporter-output>
        </test-method> <!-- setUpLogger -->
        <test-method is-config="true" signature="launchBrowser()[pri:0, instance:naveenautomation.tests.AddressBookPageTest@2dc54ad4]" started-at="2024-03-12T17:32:02 EDT" name="launchBrowser" finished-at="2024-03-12T17:32:12 EDT" duration-ms="9170" status="PASS">
          <reporter-output>
          </reporter-output>
        </test-method> <!-- launchBrowser -->
        <test-method signature="validateUserCanAddNewAddress()[pri:0, instance:naveenautomation.tests.AddressBookPageTest@2dc54ad4]" started-at="2024-03-12T17:32:12 EDT" name="validateUserCanAddNewAddress" finished-at="2024-03-12T17:33:25 EDT" duration-ms="73805" status="PASS">
          <reporter-output>
          </reporter-output>
        </test-method> <!-- validateUserCanAddNewAddress -->
        <test-method is-config="true" signature="closeBrowser()[pri:0, instance:naveenautomation.tests.AddressBookPageTest@2dc54ad4]" started-at="2024-03-12T17:33:25 EDT" name="closeBrowser" finished-at="2024-03-12T17:33:26 EDT" duration-ms="183" status="PASS">
          <reporter-output>
          </reporter-output>
        </test-method> <!-- closeBrowser -->
      </class> <!-- naveenautomation.tests.AddressBookPageTest -->
    </test> <!-- Default test -->
  </suite> <!-- Default suite -->
</testng-results>
